#
# A fatal error has been detected by the Java Runtime Environment:
#
#  EXCEPTION_ACCESS_VIOLATION (0xc0000005) at pc=0x00000000183c1066, pid=6160, tid=11568
#
# JRE version: Java(TM) SE Runtime Environment (7.0_80-b15) (build 1.7.0_80-b15)
# Java VM: Java HotSpot(TM) 64-Bit Server VM (24.80-b11 mixed mode windows-amd64 compressed oops)
# Problematic frame:
# C  [OpenAL64.dll+0x11066]
#
# Failed to write core dump. Minidumps are not enabled by default on client versions of Windows
#
# If you would like to submit a bug report, please visit:
#   http://bugreport.java.com/bugreport/crash.jsp
# The crash happened outside the Java Virtual Machine in native code.
# See problematic frame for where to report the bug.
#

---------------  T H R E A D  ---------------

Current thread (0x00000000145e0800):  JavaThread "Thread-8" [_thread_in_native, id=11568, stack(0x000000003db50000,0x000000003dc50000)]

siginfo: ExceptionCode=0xc0000005, reading address 0x00000000136c1004

Registers:
RAX=0x0000000000000004, RBX=0x0000000018460090, RCX=0x00000000136c1008, RDX=0x00000000136c1004
RSP=0x000000003dc4ef50, RBP=0x00000000000000ff, RSI=0x00000000136bee7c, RDI=0x0000000000000000
R8 =0x0000000000000862, R9 =0x00000000136bee7c, R10=0x0000000004923124, R11=0x0000000059cc4b50
R12=0x0000000000000001, R13=0x00000006fe9c13e0, R14=0x000000003dc4f0e8, R15=0x00000000145e0800
RIP=0x00000000183c1066, EFLAGS=0x0000000000010202

Top of Stack: (sp=0x000000003dc4ef50)
0x000000003dc4ef50:   0000000000000000 0000000000000000
0x000000003dc4ef60:   0000000000000000 0000000059b7c400
0x000000003dc4ef70:   0000000000000000 0000000000000000
0x000000003dc4ef80:   0000000000000000 00000000145e0800
0x000000003dc4ef90:   000000003dc4f0e8 00000006fe9c13e0
0x000000003dc4efa0:   0000000000000000 00000000145e0800
0x000000003dc4efb0:   0000000000000007 000000003dc4f0b0
0x000000003dc4efc0:   00000000145e0800 000000003dc4f0e8
0x000000003dc4efd0:   00000006fe9c13e0 0000000000000000
0x000000003dc4efe0:   00000000136bee7c 0000000000000007
0x000000003dc4eff0:   000000003dc4f0b0 00000000183c248f
0x000000003dc4f000:   0000000018460090 0000000018460090
0x000000003dc4f010:   000000060000ac44 0000000000000004
0x000000003dc4f020:   0000000004916215 0000000004923150
0x000000003dc4f030:   00000006fe9c13e0 00000006fde184cd
0x000000003dc4f040:   000000003dc4f080 00000006fde1b6d8 

Instructions: (pc=0x00000000183c1066)
0x00000000183c1046:   41 2b ec 81 3a 03 00 02 00 75 09 8b 01 89 84 24
0x00000000183c1056:   c8 00 00 00 49 83 c0 02 48 83 c1 08 4a 8d 14 86
0x00000000183c1066:   39 3a 75 af 4c 8d 84 24 c0 00 00 00 48 8d 15 d7
0x00000000183c1076:   2b 03 00 33 c9 e8 58 5f 00 00 b8 40 1f 00 00 4c 


Register to memory mapping:

RAX=0x0000000000000004 is an unknown value
RBX=0x0000000018460090 is an unknown value
RCX=0x00000000136c1008 is an unknown value
RDX=0x00000000136c1004 is an unknown value
RSP=0x000000003dc4ef50 is pointing into the stack for thread: 0x00000000145e0800
RBP=0x00000000000000ff is an unknown value
RSI=0x00000000136bee7c is an unknown value
RDI=0x0000000000000000 is an unknown value
R8 =0x0000000000000862 is an unknown value
R9 =0x00000000136bee7c is an unknown value
R10=0x0000000004923124 is at code_begin+644 in an Interpreter codelet
method entry point (kind = native)  [0x0000000004922ea0, 0x0000000004923740]  2208 bytes
R11=0x0000000059cc4b50 is an unknown value
R12=0x0000000000000001 is an unknown value
R13=0x00000006fe9c13e0 is an oop
{method} 
 - klass: {other class}
R14=0x000000003dc4f0e8 is pointing into the stack for thread: 0x00000000145e0800
R15=0x00000000145e0800 is a thread


Stack: [0x000000003db50000,0x000000003dc50000],  sp=0x000000003dc4ef50,  free space=1019k
Native frames: (J=compiled Java code, j=interpreted, Vv=VM code, C=native code)
C  [OpenAL64.dll+0x11066]

Java frames: (J=compiled Java code, j=interpreted, Vv=VM code)
j  org.lwjgl.openal.ALC10.nalcCreateContext(JJ)J+0
j  org.lwjgl.openal.ALC10.alcCreateContext(Lorg/lwjgl/openal/ALCdevice;Ljava/nio/IntBuffer;)Lorg/lwjgl/openal/ALCcontext;+8
j  org.lwjgl.openal.AL.init(Ljava/lang/String;IIZZ)V+69
j  org.lwjgl.openal.AL.create(Ljava/lang/String;IIZZ)V+227
j  org.lwjgl.openal.AL.create(Ljava/lang/String;IIZ)V+5
j  org.lwjgl.openal.AL.create()V+6
j  paulscode.sound.libraries.LibraryLWJGLOpenAL.init()V+2
j  paulscode.sound.SoundSystem.CommandNewLibrary(Ljava/lang/Class;)V+273
j  paulscode.sound.SoundSystem.CommandQueue(Lpaulscode/sound/CommandObject;)Z+1206
j  paulscode.sound.CommandThread.run()V+51
v  ~StubRoutines::call_stub

---------------  P R O C E S S  ---------------

Java Threads: ( => current thread )
  0x00000000145dc800 JavaThread "Thread-9" [_thread_blocked, id=10512, stack(0x000000003dc50000,0x000000003dd50000)]
=>0x00000000145e0800 JavaThread "Thread-8" [_thread_in_native, id=11568, stack(0x000000003db50000,0x000000003dc50000)]
  0x00000000145e2800 JavaThread "Sound Library Loader" [_thread_blocked, id=12892, stack(0x000000003da50000,0x000000003db50000)]
  0x00000000145db800 JavaThread "Keep-Alive-Timer" daemon [_thread_blocked, id=4724, stack(0x000000003d950000,0x000000003da50000)]
  0x00000000145de000 JavaThread "LWJGL Timer" daemon [_thread_blocked, id=9412, stack(0x0000000024a60000,0x0000000024b60000)]
  0x00000000145df800 JavaThread "Thread-6" [_thread_blocked, id=8816, stack(0x0000000023120000,0x0000000023220000)]
  0x00000000145df000 JavaThread "Java2D Disposer" daemon [_thread_blocked, id=11928, stack(0x0000000018050000,0x0000000018150000)]
  0x00000000145e1000 JavaThread "Timer hack thread" daemon [_thread_blocked, id=10708, stack(0x0000000017f50000,0x0000000018050000)]
  0x00000000145dd000 JavaThread "Snooper Timer" daemon [_thread_blocked, id=11848, stack(0x0000000015ce0000,0x0000000015de0000)]
  0x0000000011736800 JavaThread "Service Thread" daemon [_thread_blocked, id=11608, stack(0x0000000012e80000,0x0000000012f80000)]
  0x000000001171a800 JavaThread "C2 CompilerThread1" daemon [_thread_blocked, id=11008, stack(0x0000000012d80000,0x0000000012e80000)]
  0x0000000011719000 JavaThread "C2 CompilerThread0" daemon [_thread_blocked, id=2480, stack(0x0000000012c80000,0x0000000012d80000)]
  0x000000000490e000 JavaThread "Attach Listener" daemon [_thread_blocked, id=9248, stack(0x0000000012b80000,0x0000000012c80000)]
  0x000000000490d000 JavaThread "Signal Dispatcher" daemon [_thread_blocked, id=12824, stack(0x0000000012a80000,0x0000000012b80000)]
  0x00000000048fd000 JavaThread "Finalizer" daemon [_thread_blocked, id=2824, stack(0x0000000012980000,0x0000000012a80000)]
  0x00000000048f4800 JavaThread "Reference Handler" daemon [_thread_blocked, id=8896, stack(0x0000000012880000,0x0000000012980000)]
  0x0000000004815800 JavaThread "Client thread" [_thread_in_native, id=12424, stack(0x0000000004700000,0x0000000004800000)]

Other Threads:
  0x00000000116f2800 VMThread [stack: 0x0000000012780000,0x0000000012880000] [id=11224]
  0x0000000011770000 WatcherThread [stack: 0x0000000012f80000,0x0000000013080000] [id=13064]

VM state:not at safepoint (normal execution)

VM Mutex/Monitor currently owned by a thread: None

Heap
 PSYoungGen      total 797184K, used 453628K [0x00000007ab280000, 0x00000007e0f80000, 0x0000000800000000)
  eden space 717824K, 60% used [0x00000007ab280000,0x00000007c5d14818,0x00000007d6f80000)
  from space 79360K, 21% used [0x00000007dc200000,0x00000007dd26aa00,0x00000007e0f80000)
  to   space 81920K, 0% used [0x00000007d6f80000,0x00000007d6f80000,0x00000007dbf80000)
 ParOldGen       total 311808K, used 200645K [0x0000000701800000, 0x0000000714880000, 0x00000007ab280000)
  object space 311808K, 64% used [0x0000000701800000,0x000000070dbf1658,0x0000000714880000)
 PSPermGen       total 41472K, used 36631K [0x00000006fc600000, 0x00000006fee80000, 0x0000000701800000)
  object space 41472K, 88% used [0x00000006fc600000,0x00000006fe9c5f30,0x00000006fee80000)

Card table byte_map: [0x00000000079d0000,0x00000000081f0000] byte_map_base: 0x00000000041ed000

Polling page: 0x0000000002bc0000

Code Cache  [0x0000000004910000, 0x0000000004de0000, 0x0000000007910000)
 total_blobs=1892 nmethods=1235 adapters=608 free_code_cache=44602Kb largest_free_block=45332032

Compilation events (10 events):
Event: 27.529 Thread 0x000000001171a800 1525             java.util.regex.Matcher::groupCount (10 bytes)
Event: 27.529 Thread 0x000000001171a800 nmethod 1525 0x0000000004a6bc90 code [0x0000000004a6bdc0, 0x0000000004a6be38]
Event: 27.575 Thread 0x0000000011719000 1526 %           java.io.Win32FileSystem::normalizePrefix @ 3 (132 bytes)
Event: 27.588 Thread 0x0000000011719000 nmethod 1526% 0x0000000004d20710 code [0x0000000004d208a0, 0x0000000004d21368]
Event: 27.589 Thread 0x000000001171a800 1527             java.io.Win32FileSystem::normalizePrefix (132 bytes)
Event: 27.596 Thread 0x000000001171a800 nmethod 1527 0x0000000004d1f490 code [0x0000000004d1f620, 0x0000000004d1ffc8]
Event: 27.600 Thread 0x0000000011719000 1528             java.util.regex.Matcher::group (112 bytes)
Event: 27.602 Thread 0x0000000011719000 nmethod 1528 0x0000000004a82350 code [0x0000000004a824a0, 0x0000000004a82678]
Event: 27.607 Thread 0x000000001171a800 1529             java.util.Formatter$FormatSpecifier::checkBadFlags (39 bytes)
Event: 27.609 Thread 0x000000001171a800 nmethod 1529 0x0000000004a81f10 code [0x0000000004a82060, 0x0000000004a82218]

GC Heap History (10 events):
Event: 15.995 GC heap before
{Heap before GC invocations=12 (full 1):
 PSYoungGen      total 395776K, used 395630K [0x00000007ab280000, 0x00000007cac00000, 0x0000000800000000)
  eden space 369664K, 100% used [0x00000007ab280000,0x00000007c1b80000,0x00000007c1b80000)
  from space 26112K, 99% used [0x00000007c9280000,0x00000007cabdb860,0x00000007cac00000)
  to   space 31744K, 0% used [0x00000007c6e00000,0x00000007c6e00000,0x00000007c8d00000)
 ParOldGen       total 173568K, used 49992K [0x0000000701800000, 0x000000070c180000, 0x00000007ab280000)
  object space 173568K, 28% used [0x0000000701800000,0x00000007048d22a8,0x000000070c180000)
 PSPermGen       total 27648K, used 27548K [0x00000006fc600000, 0x00000006fe100000, 0x0000000701800000)
  object space 27648K, 99% used [0x00000006fc600000,0x00000006fe0e71d8,0x00000006fe100000)
Event: 16.024 GC heap after
Heap after GC invocations=12 (full 1):
 PSYoungGen      total 485888K, used 29755K [0x00000007ab280000, 0x00000007d3880000, 0x0000000800000000)
  eden space 454144K, 0% used [0x00000007ab280000,0x00000007ab280000,0x00000007c6e00000)
  from space 31744K, 93% used [0x00000007c6e00000,0x00000007c8b0ef30,0x00000007c8d00000)
  to   space 34816K, 0% used [0x00000007d1680000,0x00000007d1680000,0x00000007d3880000)
 ParOldGen       total 173568K, used 67993K [0x0000000701800000, 0x000000070c180000, 0x00000007ab280000)
  object space 173568K, 39% used [0x0000000701800000,0x0000000705a66668,0x000000070c180000)
 PSPermGen       total 27648K, used 27548K [0x00000006fc600000, 0x00000006fe100000, 0x0000000701800000)
  object space 27648K, 99% used [0x00000006fc600000,0x00000006fe0e71d8,0x00000006fe100000)
}
Event: 20.288 GC heap before
{Heap before GC invocations=13 (full 1):
 PSYoungGen      total 485888K, used 483899K [0x00000007ab280000, 0x00000007d3880000, 0x0000000800000000)
  eden space 454144K, 100% used [0x00000007ab280000,0x00000007c6e00000,0x00000007c6e00000)
  from space 31744K, 93% used [0x00000007c6e00000,0x00000007c8b0ef30,0x00000007c8d00000)
  to   space 34816K, 0% used [0x00000007d1680000,0x00000007d1680000,0x00000007d3880000)
 ParOldGen       total 173568K, used 67993K [0x0000000701800000, 0x000000070c180000, 0x00000007ab280000)
  object space 173568K, 39% used [0x0000000701800000,0x0000000705a66668,0x000000070c180000)
 PSPermGen       total 27648K, used 27563K [0x00000006fc600000, 0x00000006fe100000, 0x0000000701800000)
  object space 27648K, 99% used [0x00000006fc600000,0x00000006fe0eae98,0x00000006fe100000)
Event: 20.366 GC heap after
Heap after GC invocations=13 (full 1):
 PSYoungGen      total 591360K, used 34796K [0x00000007ab280000, 0x00000007e0180000, 0x0000000800000000)
  eden space 556544K, 0% used [0x00000007ab280000,0x00000007ab280000,0x00000007cd200000)
  from space 34816K, 99% used [0x00000007d1680000,0x00000007d387b188,0x00000007d3880000)
  to   space 70144K, 0% used [0x00000007cd200000,0x00000007cd200000,0x00000007d1680000)
 ParOldGen       total 173568K, used 153178K [0x0000000701800000, 0x000000070c180000, 0x00000007ab280000)
  object space 173568K, 88% used [0x0000000701800000,0x000000070ad96ad0,0x000000070c180000)
 PSPermGen       total 27648K, used 27563K [0x00000006fc600000, 0x00000006fe100000, 0x0000000701800000)
  object space 27648K, 99% used [0x00000006fc600000,0x00000006fe0eae98,0x00000006fe100000)
}
Event: 20.366 GC heap before
{Heap before GC invocations=14 (full 2):
 PSYoungGen      total 591360K, used 34796K [0x00000007ab280000, 0x00000007e0180000, 0x0000000800000000)
  eden space 556544K, 0% used [0x00000007ab280000,0x00000007ab280000,0x00000007cd200000)
  from space 34816K, 99% used [0x00000007d1680000,0x00000007d387b188,0x00000007d3880000)
  to   space 70144K, 0% used [0x00000007cd200000,0x00000007cd200000,0x00000007d1680000)
 ParOldGen       total 173568K, used 153178K [0x0000000701800000, 0x000000070c180000, 0x00000007ab280000)
  object space 173568K, 88% used [0x0000000701800000,0x000000070ad96ad0,0x000000070c180000)
 PSPermGen       total 27648K, used 27563K [0x00000006fc600000, 0x00000006fe100000, 0x0000000701800000)
  object space 27648K, 99% used [0x00000006fc600000,0x00000006fe0eae98,0x00000006fe100000)
Event: 20.701 GC heap after
Heap after GC invocations=14 (full 2):
 PSYoungGen      total 591360K, used 0K [0x00000007ab280000, 0x00000007e0180000, 0x0000000800000000)
  eden space 556544K, 0% used [0x00000007ab280000,0x00000007ab280000,0x00000007cd200000)
  from space 34816K, 0% used [0x00000007d1680000,0x00000007d1680000,0x00000007d3880000)
  to   space 70144K, 0% used [0x00000007cd200000,0x00000007cd200000,0x00000007d1680000)
 ParOldGen       total 311808K, used 167678K [0x0000000701800000, 0x0000000714880000, 0x00000007ab280000)
  object space 311808K, 53% used [0x0000000701800000,0x000000070bbbf800,0x0000000714880000)
 PSPermGen       total 41472K, used 27554K [0x00000006fc600000, 0x00000006fee80000, 0x0000000701800000)
  object space 41472K, 66% used [0x00000006fc600000,0x00000006fe0e88d8,0x00000006fee80000)
}
Event: 24.382 GC heap before
{Heap before GC invocations=15 (full 2):
 PSYoungGen      total 591360K, used 556544K [0x00000007ab280000, 0x00000007e0180000, 0x0000000800000000)
  eden space 556544K, 100% used [0x00000007ab280000,0x00000007cd200000,0x00000007cd200000)
  from space 34816K, 0% used [0x00000007d1680000,0x00000007d1680000,0x00000007d3880000)
  to   space 70144K, 0% used [0x00000007cd200000,0x00000007cd200000,0x00000007d1680000)
 ParOldGen       total 311808K, used 167678K [0x0000000701800000, 0x0000000714880000, 0x00000007ab280000)
  object space 311808K, 53% used [0x0000000701800000,0x000000070bbbf800,0x0000000714880000)
 PSPermGen       total 41472K, used 29404K [0x00000006fc600000, 0x00000006fee80000, 0x0000000701800000)
  object space 41472K, 70% used [0x00000006fc600000,0x00000006fe2b70e8,0x00000006fee80000)
Event: 24.443 GC heap after
Heap after GC invocations=15 (full 2):
 PSYoungGen      total 626688K, used 70119K [0x00000007ab280000, 0x00000007e1400000, 0x0000000800000000)
  eden space 556544K, 0% used [0x00000007ab280000,0x00000007ab280000,0x00000007cd200000)
  from space 70144K, 99% used [0x00000007cd200000,0x00000007d1679fa0,0x00000007d1680000)
  to   space 83968K, 0% used [0x00000007dc200000,0x00000007dc200000,0x00000007e1400000)
 ParOldGen       total 311808K, used 174863K [0x0000000701800000, 0x0000000714880000, 0x00000007ab280000)
  object space 311808K, 56% used [0x0000000701800000,0x000000070c2c3d50,0x0000000714880000)
 PSPermGen       total 41472K, used 29404K [0x00000006fc600000, 0x00000006fee80000, 0x0000000701800000)
  object space 41472K, 70% used [0x00000006fc600000,0x00000006fe2b70e8,0x00000006fee80000)
}
Event: 26.225 GC heap before
{Heap before GC invocations=16 (full 2):
 PSYoungGen      total 626688K, used 626663K [0x00000007ab280000, 0x00000007e1400000, 0x0000000800000000)
  eden space 556544K, 100% used [0x00000007ab280000,0x00000007cd200000,0x00000007cd200000)
  from space 70144K, 99% used [0x00000007cd200000,0x00000007d1679fa0,0x00000007d1680000)
  to   space 83968K, 0% used [0x00000007dc200000,0x00000007dc200000,0x00000007e1400000)
 ParOldGen       total 311808K, used 174863K [0x0000000701800000, 0x0000000714880000, 0x00000007ab280000)
  object space 311808K, 56% used [0x0000000701800000,0x000000070c2c3d50,0x0000000714880000)
 PSPermGen       total 41472K, used 33475K [0x00000006fc600000, 0x00000006fee80000, 0x0000000701800000)
  object space 41472K, 80% used [0x00000006fc600000,0x00000006fe6b0f98,0x00000006fee80000)
Event: 26.254 GC heap after
Heap after GC invocations=16 (full 2):
 PSYoungGen      total 797184K, used 16810K [0x00000007ab280000, 0x00000007e0f80000, 0x0000000800000000)
  eden space 717824K, 0% used [0x00000007ab280000,0x00000007ab280000,0x00000007d6f80000)
  from space 79360K, 21% used [0x00000007dc200000,0x00000007dd26aa00,0x00000007e0f80000)
  to   space 81920K, 0% used [0x00000007d6f80000,0x00000007d6f80000,0x00000007dbf80000)
 ParOldGen       total 311808K, used 200645K [0x0000000701800000, 0x0000000714880000, 0x00000007ab280000)
  object space 311808K, 64% used [0x0000000701800000,0x000000070dbf1658,0x0000000714880000)
 PSPermGen       total 41472K, used 33475K [0x00000006fc600000, 0x00000006fee80000, 0x0000000701800000)
  object space 41472K, 80% used [0x00000006fc600000,0x00000006fe6b0f98,0x00000006fee80000)
}

Deoptimization events (10 events):
Event: 27.237 Thread 0x0000000004815800 Uncommon trap: reason=class_check action=maybe_recompile pc=0x0000000004d719ac method=com.google.common.collect.Iterators$8.transform(Ljava/lang/Object;)Ljava/lang/Object; @ 5
Event: 27.237 Thread 0x0000000004815800 Uncommon trap: reason=class_check action=maybe_recompile pc=0x0000000004d69ca8 method=com.google.common.collect.TransformedIterator.hasNext()Z @ 4
Event: 27.237 Thread 0x0000000004815800 Uncommon trap: reason=class_check action=maybe_recompile pc=0x0000000004c28f6c method=com.google.common.collect.TransformedIterator.next()Ljava/lang/Object; @ 5
Event: 27.237 Thread 0x0000000004815800 Uncommon trap: reason=class_check action=maybe_recompile pc=0x0000000004d719ac method=com.google.common.collect.Iterators$8.transform(Ljava/lang/Object;)Ljava/lang/Object; @ 5
Event: 27.237 Thread 0x0000000004815800 Uncommon trap: reason=class_check action=maybe_recompile pc=0x0000000004d69ca8 method=com.google.common.collect.TransformedIterator.hasNext()Z @ 4
Event: 27.237 Thread 0x0000000004815800 Uncommon trap: reason=class_check action=maybe_recompile pc=0x0000000004c28f6c method=com.google.common.collect.TransformedIterator.next()Ljava/lang/Object; @ 5
Event: 27.237 Thread 0x0000000004815800 Uncommon trap: reason=class_check action=maybe_recompile pc=0x0000000004d719ac method=com.google.common.collect.Iterators$8.transform(Ljava/lang/Object;)Ljava/lang/Object; @ 5
Event: 27.240 Thread 0x0000000004815800 Uncommon trap: reason=null_check action=make_not_entrant pc=0x0000000004d279c8 method=net.minecraftforge.common.config.ConfigCategory.put(Ljava/lang/String;Lnet/minecraftforge/common/config/Property;)Lnet/minecraftforge/common/config/Property; @ 47
Event: 27.297 Thread 0x0000000004815800 Uncommon trap: reason=bimorphic action=maybe_recompile pc=0x0000000004b5eb80 method=java.util.regex.Pattern$Start.match(Ljava/util/regex/Matcher;ILjava/lang/CharSequence;)Z @ 44
Event: 27.411 Thread 0x0000000004815800 Uncommon trap: reason=unstable_if action=reinterpret pc=0x0000000004d48df0 method=com.google.gson.internal.LinkedTreeMap.find(Ljava/lang/Object;Z)Lcom/google/gson/internal/LinkedTreeMap$Node; @ 114

Internal exceptions (10 events):
Event: 27.650 Thread 0x00000000145e0800 Threw 0x00000007c4aa78c0 at C:\re\jdk7u80\2329\hotspot\src\share\vm\prims\jni.cpp:717
Event: 27.650 Thread 0x00000000145e0800 Threw 0x00000007c4aa7e70 at C:\re\jdk7u80\2329\hotspot\src\share\vm\prims\jni.cpp:717
Event: 27.650 Thread 0x00000000145e0800 Threw 0x00000007c4aa83c0 at C:\re\jdk7u80\2329\hotspot\src\share\vm\prims\jni.cpp:717
Event: 27.650 Thread 0x00000000145e0800 Threw 0x00000007c4aa87c8 at C:\re\jdk7u80\2329\hotspot\src\share\vm\prims\jni.cpp:717
Event: 27.651 Thread 0x00000000145e0800 Threw 0x00000007c4aa9618 at C:\re\jdk7u80\2329\hotspot\src\share\vm\prims\jvm.cpp:1319
Event: 27.654 Thread 0x00000000145e0800 Threw 0x00000007c4ab72c8 at C:\re\jdk7u80\2329\hotspot\src\share\vm\prims\jvm.cpp:1319
Event: 27.664 Thread 0x00000000145e0800 Threw 0x00000007c4ac0bd0 at C:\re\jdk7u80\2329\hotspot\src\share\vm\prims\jvm.cpp:1319
Event: 27.665 Thread 0x00000000145e0800 Threw 0x00000007c4ac79b8 at C:\re\jdk7u80\2329\hotspot\src\share\vm\prims\jvm.cpp:1319
Event: 27.665 Thread 0x00000000145e0800 Threw 0x00000007c4ace650 at C:\re\jdk7u80\2329\hotspot\src\share\vm\prims\jvm.cpp:1319
Event: 27.666 Thread 0x00000000145e0800 Threw 0x00000007c4ad53f8 at C:\re\jdk7u80\2329\hotspot\src\share\vm\prims\jvm.cpp:1319

Events (10 events):
Event: 27.654 loading class 0x00000000136bce80
Event: 27.654 loading class 0x00000000136bce80 done
Event: 27.664 loading class 0x00000000136be0e0
Event: 27.664 loading class 0x00000000136be0e0 done
Event: 27.665 loading class 0x00000000136bd600
Event: 27.665 loading class 0x00000000136bd600 done
Event: 27.665 loading class 0x00000000136bded0
Event: 27.665 loading class 0x00000000136bded0 done
Event: 27.666 loading class 0x0000000014aa9ff0
Event: 27.666 loading class 0x0000000014aa9ff0 done


Dynamic libraries:
0x00007ff7b4170000 - 0x00007ff7b41a3000 	C:\Program Files\Java\jre7\bin\javaw.exe
0x00007ff95c820000 - 0x00007ff95ca00000 	C:\WINDOWS\SYSTEM32\ntdll.dll
0x00007ff934ab0000 - 0x00007ff934ae4000 	C:\Program Files\AVAST Software\Avast\x64\aswhooka.dll
0x00007ff95c640000 - 0x00007ff95c6ee000 	C:\WINDOWS\System32\KERNEL32.DLL
0x00007ff9590b0000 - 0x00007ff959316000 	C:\WINDOWS\System32\KERNELBASE.dll
0x00007ff95c6f0000 - 0x00007ff95c791000 	C:\WINDOWS\System32\ADVAPI32.dll
0x00007ff95a2f0000 - 0x00007ff95a38d000 	C:\WINDOWS\System32\msvcrt.dll
0x00007ff95a390000 - 0x00007ff95a3eb000 	C:\WINDOWS\System32\sechost.dll
0x00007ff95a9b0000 - 0x00007ff95aacf000 	C:\WINDOWS\System32\RPCRT4.dll
0x00007ff95b010000 - 0x00007ff95b19f000 	C:\WINDOWS\System32\USER32.dll
0x00007ff958e20000 - 0x00007ff958e40000 	C:\WINDOWS\System32\win32u.dll
0x00007ff95a1b0000 - 0x00007ff95a1d8000 	C:\WINDOWS\System32\GDI32.dll
0x00007ff959ad0000 - 0x00007ff959c63000 	C:\WINDOWS\System32\gdi32full.dll
0x00007ff958e40000 - 0x00007ff958edb000 	C:\WINDOWS\System32\msvcp_win.dll
0x00007ff958c70000 - 0x00007ff958d66000 	C:\WINDOWS\System32\ucrtbase.dll
0x00007ff943d30000 - 0x00007ff943f99000 	C:\WINDOWS\WinSxS\amd64_microsoft.windows.common-controls_6595b64144ccf1df_6.0.16299.309_none_15cfd4c4935e6b11\COMCTL32.dll
0x00007ff95a5f0000 - 0x00007ff95a8f8000 	C:\WINDOWS\System32\combase.dll
0x00007ff959c70000 - 0x00007ff959ce2000 	C:\WINDOWS\System32\bcryptPrimitives.dll
0x00007ff95c7c0000 - 0x00007ff95c7ed000 	C:\WINDOWS\System32\IMM32.DLL
0x000000005a390000 - 0x000000005a462000 	C:\Program Files\Java\jre7\bin\msvcr100.dll
0x0000000059ae0000 - 0x000000005a2b9000 	C:\Program Files\Java\jre7\bin\server\jvm.dll
0x00007ff95c7a0000 - 0x00007ff95c7a8000 	C:\WINDOWS\System32\PSAPI.DLL
0x00007ff94c2c0000 - 0x00007ff94c2c9000 	C:\WINDOWS\SYSTEM32\WSOCK32.dll
0x00007ff95ab30000 - 0x00007ff95ab9c000 	C:\WINDOWS\System32\WS2_32.dll
0x00007ff956dd0000 - 0x00007ff956df3000 	C:\WINDOWS\SYSTEM32\WINMM.dll
0x00007ff956da0000 - 0x00007ff956dca000 	C:\WINDOWS\SYSTEM32\WINMMBASE.dll
0x00007ff958c20000 - 0x00007ff958c6a000 	C:\WINDOWS\System32\cfgmgr32.dll
0x000000005a540000 - 0x000000005a54f000 	C:\Program Files\Java\jre7\bin\verify.dll
0x000000005a510000 - 0x000000005a538000 	C:\Program Files\Java\jre7\bin\java.dll
0x000000005a4f0000 - 0x000000005a506000 	C:\Program Files\Java\jre7\bin\zip.dll
0x000000005a380000 - 0x000000005a38b000 	C:\Program Files\Java\jre7\bin\management.dll
0x000000005a4d0000 - 0x000000005a4ea000 	C:\Program Files\Java\jre7\bin\net.dll
0x00007ff958400000 - 0x00007ff958466000 	C:\WINDOWS\system32\mswsock.dll
0x000000005a4b0000 - 0x000000005a4c1000 	C:\Program Files\Java\jre7\bin\nio.dll
0x00007ff925020000 - 0x00007ff925036000 	C:\WINDOWS\system32\napinsp.dll
0x00007ff924240000 - 0x00007ff92425a000 	C:\WINDOWS\system32\pnrpnsp.dll
0x00007ff9569d0000 - 0x00007ff9569e8000 	C:\WINDOWS\system32\NLAapi.dll
0x00007ff9581e0000 - 0x00007ff958296000 	C:\WINDOWS\SYSTEM32\DNSAPI.dll
0x00007ff95a3f0000 - 0x00007ff95a3f8000 	C:\WINDOWS\System32\NSI.dll
0x00007ff958190000 - 0x00007ff9581c9000 	C:\WINDOWS\SYSTEM32\IPHLPAPI.DLL
0x00007ff924230000 - 0x00007ff92423e000 	C:\WINDOWS\System32\winrnr.dll
0x00007ff934100000 - 0x00007ff934115000 	C:\WINDOWS\System32\wshbth.dll
0x00007ff94dc50000 - 0x00007ff94dc5a000 	C:\Windows\System32\rasadhlp.dll
0x00007ff94e1d0000 - 0x00007ff94e240000 	C:\WINDOWS\System32\fwpuclnt.dll
0x00007ff9586d0000 - 0x00007ff9586f5000 	C:\WINDOWS\SYSTEM32\bcrypt.dll
0x000000005a480000 - 0x000000005a4a4000 	C:\Program Files\Java\jre7\bin\sunec.dll
0x000000005a470000 - 0x000000005a47b000 	C:\Program Files\Java\jre7\bin\sunmscapi.dll
0x00007ff958ee0000 - 0x00007ff9590ae000 	C:\WINDOWS\System32\CRYPT32.dll
0x00007ff958c00000 - 0x00007ff958c12000 	C:\WINDOWS\System32\MSASN1.dll
0x00007ff9585c0000 - 0x00007ff9585d7000 	C:\WINDOWS\SYSTEM32\CRYPTSP.dll
0x00007ff958000000 - 0x00007ff958033000 	C:\WINDOWS\system32\rsaenh.dll
0x00007ff958a70000 - 0x00007ff958a99000 	C:\WINDOWS\SYSTEM32\USERENV.dll
0x00007ff958be0000 - 0x00007ff958bfb000 	C:\WINDOWS\System32\profapi.dll
0x00007ff9585e0000 - 0x00007ff9585eb000 	C:\WINDOWS\SYSTEM32\CRYPTBASE.dll
0x00007ff9520b0000 - 0x00007ff9520c6000 	C:\WINDOWS\SYSTEM32\dhcpcsvc6.DLL
0x00007ff952310000 - 0x00007ff95232a000 	C:\WINDOWS\SYSTEM32\dhcpcsvc.DLL
0x0000000180000000 - 0x0000000180051000 	C:\Users\Jared Jarvis\.gradle\caches\minecraft\net\minecraft\minecraft_natives\1.7.10\lwjgl64.dll
0x00007ff945c30000 - 0x00007ff945d4e000 	C:\WINDOWS\SYSTEM32\OPENGL32.dll
0x00007ff957cb0000 - 0x00007ff957cba000 	C:\WINDOWS\SYSTEM32\VERSION.dll
0x00007ff954300000 - 0x00007ff95432c000 	C:\WINDOWS\SYSTEM32\GLU32.dll
0x0000000059940000 - 0x0000000059ad5000 	C:\Program Files\Java\jre7\bin\awt.dll
0x00007ff959e90000 - 0x00007ff959f55000 	C:\WINDOWS\System32\OLEAUT32.dll
0x00007ff956ef0000 - 0x00007ff956f78000 	C:\WINDOWS\SYSTEM32\apphelp.dll
0x00007ff957020000 - 0x00007ff9570b5000 	C:\WINDOWS\system32\uxtheme.dll
0x00007ff95a400000 - 0x00007ff95a567000 	C:\WINDOWS\System32\MSCTF.dll
0x00007ff940060000 - 0x00007ff940136000 	c:\Program Files\Hewlett-Packard\HP ProtectTools Security Manager\Bin\DpoFeedb.dll
0x00007ff9572e0000 - 0x00007ff95730a000 	C:\WINDOWS\system32\dwmapi.dll
0x00007ff8fdd20000 - 0x00007ff8febf9000 	C:\WINDOWS\SYSTEM32\ig9icd64.dll
0x00007ff95b200000 - 0x00007ff95c636000 	C:\WINDOWS\System32\SHELL32.dll
0x00007ff95a900000 - 0x00007ff95a9a6000 	C:\WINDOWS\System32\shcore.dll
0x00007ff959380000 - 0x00007ff959ac7000 	C:\WINDOWS\System32\windows.storage.dll
0x00007ff95b1a0000 - 0x00007ff95b1f1000 	C:\WINDOWS\System32\shlwapi.dll
0x00007ff958b70000 - 0x00007ff958b81000 	C:\WINDOWS\System32\kernel.appcore.dll
0x00007ff958b90000 - 0x00007ff958bdc000 	C:\WINDOWS\System32\powrprof.dll
0x00007ff9562a0000 - 0x00007ff9562b3000 	C:\WINDOWS\SYSTEM32\WTSAPI32.dll
0x00007ff9578c0000 - 0x00007ff95796f000 	C:\WINDOWS\SYSTEM32\dxgi.dll
0x00007ff949160000 - 0x00007ff9491f7000 	C:\WINDOWS\SYSTEM32\mscms.dll
0x00007ff93bb90000 - 0x00007ff93bbd1000 	C:\WINDOWS\SYSTEM32\icm32.dll
0x00007ff950140000 - 0x00007ff951742000 	C:\WINDOWS\SYSTEM32\igc64.dll
0x0000000070a40000 - 0x0000000070adc000 	C:\Users\Jared Jarvis\.gradle\caches\minecraft\net\minecraft\minecraft_natives\1.7.10\avutil-ttv-51.dll
0x0000000065980000 - 0x00000000659d6000 	C:\Users\Jared Jarvis\.gradle\caches\minecraft\net\minecraft\minecraft_natives\1.7.10\swresample-ttv-0.dll
0x000000006eb80000 - 0x000000006ec50000 	C:\Users\Jared Jarvis\.gradle\caches\minecraft\net\minecraft\minecraft_natives\1.7.10\libmp3lame-ttv.dll
0x00007ff8fc970000 - 0x00007ff8fdd14000 	C:\Users\Jared Jarvis\.gradle\caches\minecraft\net\minecraft\minecraft_natives\1.7.10\libmfxsw64.dll
0x00007ff93d340000 - 0x00007ff93d46b000 	C:\Users\Jared Jarvis\.gradle\caches\minecraft\net\minecraft\minecraft_natives\1.7.10\twitchsdk.dll
0x00007ff959fc0000 - 0x00007ff95a109000 	C:\WINDOWS\System32\ole32.dll
0x00007ff947fb0000 - 0x00007ff9482e4000 	C:\WINDOWS\SYSTEM32\WININET.dll
0x00007ff947d70000 - 0x00007ff947e08000 	C:\WINDOWS\System32\TextInputFramework.dll
0x00007ff9532a0000 - 0x00007ff95358e000 	C:\WINDOWS\System32\CoreUIComponents.dll
0x00007ff955bd0000 - 0x00007ff955cac000 	C:\WINDOWS\System32\CoreMessaging.dll
0x00007ff957b90000 - 0x00007ff957bc1000 	C:\WINDOWS\SYSTEM32\ntmarta.dll
0x00007ff954e90000 - 0x00007ff954fc6000 	C:\WINDOWS\SYSTEM32\wintypes.dll
0x00000000183b0000 - 0x0000000018414000 	C:\Users\Jared Jarvis\.gradle\caches\minecraft\net\minecraft\minecraft_natives\1.7.10\OpenAL64.dll
0x00007ff95a110000 - 0x00007ff95a1ae000 	C:\WINDOWS\System32\clbcatq.dll
0x00007ff94ee10000 - 0x00007ff94ee7f000 	C:\WINDOWS\System32\MMDevApi.dll
0x00007ff958980000 - 0x00007ff9589a7000 	C:\WINDOWS\System32\DEVOBJ.dll
0x00007ff956480000 - 0x00007ff956631000 	C:\WINDOWS\System32\PROPSYS.dll
0x00007ff934f10000 - 0x00007ff934f9f000 	C:\WINDOWS\SYSTEM32\dsound.dll
0x00007ff940700000 - 0x00007ff940822000 	C:\WINDOWS\SYSTEM32\AUDIOSES.DLL
0x00007ff9549b0000 - 0x00007ff9549ba000 	C:\WINDOWS\SYSTEM32\AVRT.dll
0x00007ff943640000 - 0x00007ff943808000 	C:\WINDOWS\SYSTEM32\dbghelp.dll

VM Arguments:
jvm_args: -Dfile.encoding=Cp1252 
java_command: GradleStart --username powerman913717@gmail.com --password jarvis913
Launcher Type: SUN_STANDARD

Environment Variables:
PATH=C:/Program Files/Java/jre7/bin/server;C:/Program Files/Java/jre7/bin;C:/Program Files/Java/jre7/lib/amd64;C:\Program Files\Java\jre7\bin;C:\Program Files\Java\jre-9.0.4\bin;C:\ProgramData\Oracle\Java\javapath;C:\Program Files (x86)\Intel\iCLS Client\;C:\Program Files\Intel\iCLS Client\;C:\WINDOWS\system32;C:\WINDOWS;C:\WINDOWS\System32\Wbem;C:\WINDOWS\System32\WindowsPowerShell\v1.0\;c:\Program Files (x86)\ATI Technologies\ATI.ACE\Core-Static;C:\Program Files (x86)\Intel\Intel(R) Management Engine Components\DAL;C:\Program Files\Intel\Intel(R) Management Engine Components\DAL;C:\Program Files (x86)\Intel\Intel(R) Management Engine Components\IPT;C:\Program Files\Intel\Intel(R) Management Engine Components\IPT;C:\Users\Jared Jarvis\AppData\Local\Microsoft\WindowsApps;;G:\Modding\eclipse;
USERNAME=Jared Jarvis
OS=Windows_NT
PROCESSOR_IDENTIFIER=Intel64 Family 6 Model 78 Stepping 3, GenuineIntel



---------------  S Y S T E M  ---------------

OS: Windows 8.1 , 64 bit Build 9600 

CPU:total 4 (2 cores per cpu, 2 threads per core) family 6 model 78 stepping 3, cmov, cx8, fxsr, mmx, sse, sse2, sse3, ssse3, sse4.1, sse4.2, popcnt, avx, avx2, aes, erms, ht, tsc, tscinvbit

Memory: 4k page, physical 16671328k(9454196k free), swap 19161696k(10689040k free)

vm_info: Java HotSpot(TM) 64-Bit Server VM (24.80-b11) for windows-amd64 JRE (1.7.0_80-b15), built on Apr 10 2015 11:26:34 by "java_re" with unknown MS VC++:1600

time: Tue Apr 03 23:09:59 2018
elapsed time: 27 seconds

