[23:47:51] [main/INFO]: Logging in with username & password
[23:48:14] [main/INFO]: Logging in with username & password
[23:48:22] [main/INFO]: Setting user: Powerman913717
[23:48:24] [Client thread/INFO]: LWJGL Version: 2.9.1
[23:48:35] [Client thread/INFO]: Reloading ResourceManager: Default, FMLFileResourcePack:Forge Mod Loader, FMLFileResourcePack:Minecraft Forge, FMLFileResourcePack:Not Enough Items, FMLFileResourcePack:TerraFirmaCraft, FMLFileResourcePack:Waila, FMLFileResourcePack:TerraMisc, FMLFileResourcePack:TerraFirmaCraftNEIplugin
[23:48:37] [Sound Library Loader/INFO]: Sound engine started
[23:48:40] [Client thread/INFO]: Created: 16x16 textures/blocks-atlas
[23:48:40] [Client thread/INFO]: Created: 16x16 textures/items-atlas
[23:48:41] [Client thread/INFO]: Reloading ResourceManager: Default, FMLFileResourcePack:Forge Mod Loader, FMLFileResourcePack:Minecraft Forge, FMLFileResourcePack:Not Enough Items, FMLFileResourcePack:TerraFirmaCraft, FMLFileResourcePack:Waila, FMLFileResourcePack:TerraMisc, FMLFileResourcePack:TerraFirmaCraftNEIplugin
[23:48:43] [Client thread/INFO]: Created: 1024x512 textures/items-atlas
[23:48:45] [Client thread/INFO]: Created: 1024x512 textures/blocks-atlas
[23:48:46] [Sound Library Loader/INFO]: Sound engine started
[23:48:54] [Server thread/INFO]: Starting integrated minecraft server version 1.7.10
[23:48:54] [Server thread/INFO]: Generating keypair
[23:48:54] [Server thread/INFO]: Preparing start region for level 0
[23:48:55] [Server thread/INFO]: Preparing spawn area: 96%
[23:48:56] [Server thread/INFO]: Changing view distance to 9, from 10
[23:48:56] [Server thread/INFO]: Powerman913717[local:E:0bd92e1c] logged in with entity id 144 at (-41.43158712817042, 148.0, -12349.273031642068)
[23:48:56] [Server thread/INFO]: Powerman913717 joined the game
[23:49:01] [Client thread/INFO]: [CHAT] Version 1.0.7.47 of CodeChickenCore is available
[23:49:01] [Client thread/INFO]: [CHAT] Version 1.0.5.120 of NotEnoughItems is available
[23:49:25] [Server thread/INFO]: Saving and pausing game...
[23:49:26] [Server thread/INFO]: Saving chunks for level 'Test'/DEFAULT
[23:49:26] [Server thread/INFO]: Saving chunks for level 'Test'/Nether
[23:49:26] [Server thread/INFO]: Saving chunks for level 'Test'/DEFAULT
[23:49:26] [Server thread/INFO]: Stopping server
[23:49:26] [Server thread/INFO]: Saving players
[23:49:26] [Server thread/INFO]: Saving worlds
[23:49:26] [Server thread/INFO]: Saving chunks for level 'Test'/DEFAULT
[23:49:26] [Server thread/INFO]: Saving chunks for level 'Test'/Nether
[23:49:26] [Server thread/INFO]: Saving chunks for level 'Test'/DEFAULT
[23:49:29] [Client thread/INFO]: Stopping!
[23:51:02] [main/INFO]: Logging in with username & password
[23:51:10] [main/INFO]: Setting user: Powerman913717
[23:51:12] [Client thread/INFO]: LWJGL Version: 2.9.1
[23:54:46] [main/INFO]: Logging in with username & password
[23:54:54] [main/INFO]: Setting user: Powerman913717
[23:54:57] [Client thread/INFO]: LWJGL Version: 2.9.1
[23:55:08] [Client thread/INFO]: Reloading ResourceManager: Default, FMLFileResourcePack:Forge Mod Loader, FMLFileResourcePack:Minecraft Forge, FMLFileResourcePack:Not Enough Items, FMLFileResourcePack:TerraFirmaCraft, FMLFileResourcePack:Waila, FMLFileResourcePack:TerraMisc, FMLFileResourcePack:TerraFirmaCraftNEIplugin
[23:55:10] [Sound Library Loader/INFO]: Sound engine started
[23:55:13] [Client thread/INFO]: Created: 16x16 textures/blocks-atlas
[23:55:13] [Client thread/INFO]: Created: 16x16 textures/items-atlas
[23:55:14] [Client thread/INFO]: Reloading ResourceManager: Default, FMLFileResourcePack:Forge Mod Loader, FMLFileResourcePack:Minecraft Forge, FMLFileResourcePack:Not Enough Items, FMLFileResourcePack:TerraFirmaCraft, FMLFileResourcePack:Waila, FMLFileResourcePack:TerraMisc, FMLFileResourcePack:TerraFirmaCraftNEIplugin
[23:55:17] [Client thread/INFO]: Created: 1024x512 textures/items-atlas
[23:55:18] [Client thread/INFO]: Created: 1024x512 textures/blocks-atlas
[23:55:19] [Sound Library Loader/INFO]: Sound engine started
[23:56:47] [Server thread/INFO]: Starting integrated minecraft server version 1.7.10
[23:56:47] [Server thread/INFO]: Generating keypair
[23:56:47] [Server thread/INFO]: Preparing start region for level 0
[23:56:48] [Server thread/INFO]: Preparing spawn area: 94%
[23:56:49] [Server thread/INFO]: Changing view distance to 9, from 10
[23:56:49] [Server thread/INFO]: Powerman913717[local:E:56f9ab40] logged in with entity id 145 at (-41.43158712817042, 148.0, -12349.273031642068)
[23:56:49] [Server thread/INFO]: Powerman913717 joined the game
[23:56:50] [Server thread/INFO]: Saving and pausing game...
[23:56:50] [Server thread/INFO]: Saving chunks for level 'Test'/DEFAULT
[23:56:50] [Server thread/INFO]: Saving chunks for level 'Test'/Nether
[23:56:50] [Server thread/INFO]: Saving chunks for level 'Test'/DEFAULT
[23:56:53] [Client thread/INFO]: [CHAT] Version 1.0.7.47 of CodeChickenCore is available
[23:56:53] [Client thread/INFO]: [CHAT] Version 1.0.5.120 of NotEnoughItems is available
[23:57:02] [Server thread/INFO]: Saving and pausing game...
[23:57:02] [Server thread/INFO]: Saving chunks for level 'Test'/DEFAULT
[23:57:02] [Server thread/INFO]: Saving chunks for level 'Test'/Nether
[23:57:02] [Server thread/INFO]: Saving chunks for level 'Test'/DEFAULT
[23:57:03] [Server thread/INFO]: Stopping server
[23:57:03] [Server thread/INFO]: Saving players
[23:57:03] [Server thread/INFO]: Saving worlds
[23:57:03] [Server thread/INFO]: Saving chunks for level 'Test'/DEFAULT
[23:57:03] [Server thread/INFO]: Saving chunks for level 'Test'/Nether
[23:57:03] [Server thread/INFO]: Saving chunks for level 'Test'/DEFAULT
[23:57:05] [Client thread/INFO]: Stopping!
