[17:28:12] [main/DEBUG] [FML/]: Injecting tracing printstreams for STDOUT/STDERR.
[17:28:12] [main/INFO] [FML/]: Forge Mod Loader version 7.99.36.1558 for Minecraft 1.7.10 loading
[17:28:12] [main/INFO] [FML/]: Java is Java HotSpot(TM) 64-Bit Server VM, version 1.7.0_80, running on Windows 8.1:amd64:6.3, installed at C:\Program Files\Java\jre7
[17:28:12] [main/DEBUG] [FML/]: Java classpath at launch is G:\Modding\TFC Addons\TFCraft-0.79.29\bin;C:\Users\Jared Jarvis\.gradle\caches\modules-2\files-2.1\codechicken\CodeChickenCore\1.7.10-1.0.4.35\b7165acdf6b414123d49bde2c9a92561cc33c669\CodeChickenCore-1.7.10-1.0.4.35-dev.jar;C:\Users\Jared Jarvis\.gradle\caches\modules-2\files-2.1\codechicken\CodeChickenLib\1.7.10-1.1.3.127\ef00b332b40c0ebfc42ed5720d6d5b8f4de0eeb4\CodeChickenLib-1.7.10-1.1.3.127-dev.jar;C:\Users\Jared Jarvis\.gradle\caches\modules-2\files-2.1\codechicken\NotEnoughItems\1.7.10-1.0.4.95\23f2772674f1feda9449baf757d1ca245004470e\NotEnoughItems-1.7.10-1.0.4.95-dev.jar;G:\Modding\TFC Addons\TFCraft-0.79.29\build\dirtyArtifacts\forgeSrc-1.7.10-10.13.4.1558-1.7.10.jar;C:\Users\Jared Jarvis\.gradle\caches\modules-2\files-2.1\net.minecraft\launchwrapper\1.12\111e7bea9c968cdb3d06ef4632bf7ff0824d0f36\launchwrapper-1.12.jar;C:\Users\Jared Jarvis\.gradle\caches\modules-2\files-2.1\com.google.code.findbugs\jsr305\1.3.9\40719ea6961c0cb6afaeb6a921eaa1f6afd4cfdf\jsr305-1.3.9.jar;C:\Users\Jared Jarvis\.gradle\caches\modules-2\files-2.1\org.ow2.asm\asm-debug-all\5.0.3\f9e364ae2a66ce2a543012a4668856e84e5dab74\asm-debug-all-5.0.3.jar;C:\Users\Jared Jarvis\.gradle\caches\modules-2\files-2.1\com.typesafe.akka\akka-actor_2.11\2.3.3\ed62e9fc709ca0f2ff1a3220daa8b70a2870078e\akka-actor_2.11-2.3.3.jar;C:\Users\Jared Jarvis\.gradle\caches\modules-2\files-2.1\com.typesafe\config\1.2.1\f771f71fdae3df231bcd54d5ca2d57f0bf93f467\config-1.2.1.jar;C:\Users\Jared Jarvis\.gradle\caches\modules-2\files-2.1\org.scala-lang\scala-actors-migration_2.11\1.1.0\dfa8bc42b181d5b9f1a5dd147f8ae308b893eb6f\scala-actors-migration_2.11-1.1.0.jar;C:\Users\Jared Jarvis\.gradle\caches\modules-2\files-2.1\org.scala-lang\scala-compiler\2.11.1\56ea2e6c025e0821f28d73ca271218b8dd04926a\scala-compiler-2.11.1.jar;C:\Users\Jared Jarvis\.gradle\caches\modules-2\files-2.1\org.scala-lang.plugins\scala-continuations-library_2.11\1.0.2\e517c53a7e9acd6b1668c5a35eccbaa3bab9aac\scala-continuations-library_2.11-1.0.2.jar;C:\Users\Jared Jarvis\.gradle\caches\modules-2\files-2.1\org.scala-lang.plugins\scala-continuations-plugin_2.11.1\1.0.2\f361a3283452c57fa30c1ee69448995de23c60f7\scala-continuations-plugin_2.11.1-1.0.2.jar;C:\Users\Jared Jarvis\.gradle\caches\modules-2\files-2.1\org.scala-lang\scala-library\2.11.1\e11da23da3eabab9f4777b9220e60d44c1aab6a\scala-library-2.11.1.jar;C:\Users\Jared Jarvis\.gradle\caches\modules-2\files-2.1\org.scala-lang\scala-parser-combinators_2.11\1.0.1\f05d7345bf5a58924f2837c6c1f4d73a938e1ff0\scala-parser-combinators_2.11-1.0.1.jar;C:\Users\Jared Jarvis\.gradle\caches\modules-2\files-2.1\org.scala-lang\scala-reflect\2.11.1\6580347e61cc7f8e802941e7fde40fa83b8badeb\scala-reflect-2.11.1.jar;C:\Users\Jared Jarvis\.gradle\caches\modules-2\files-2.1\org.scala-lang\scala-swing_2.11\1.0.1\b1cdd92bd47b1e1837139c1c53020e86bb9112ae\scala-swing_2.11-1.0.1.jar;C:\Users\Jared Jarvis\.gradle\caches\modules-2\files-2.1\org.scala-lang\scala-xml_2.11\1.0.2\7a80ec00aec122fba7cd4e0d4cdd87ff7e4cb6d0\scala-xml_2.11-1.0.2.jar;C:\Users\Jared Jarvis\.gradle\caches\modules-2\files-2.1\net.sf.jopt-simple\jopt-simple\4.5\6065cc95c661255349c1d0756657be17c29a4fd3\jopt-simple-4.5.jar;C:\Users\Jared Jarvis\.gradle\caches\modules-2\files-2.1\lzma\lzma\0.0.1\521616dc7487b42bef0e803bd2fa3faf668101d7\lzma-0.0.1.jar;C:\Users\Jared Jarvis\.gradle\caches\modules-2\files-2.1\com.mojang\realms\1.3.5\807ae355ee63583becd7ea60e76aab1532bb42e\realms-1.3.5.jar;C:\Users\Jared Jarvis\.gradle\caches\modules-2\files-2.1\org.apache.commons\commons-compress\1.8.1\a698750c16740fd5b3871425f4cb3bbaa87f529d\commons-compress-1.8.1.jar;C:\Users\Jared Jarvis\.gradle\caches\modules-2\files-2.1\org.apache.httpcomponents\httpclient\4.3.3\18f4247ff4572a074444572cee34647c43e7c9c7\httpclient-4.3.3.jar;C:\Users\Jared Jarvis\.gradle\caches\modules-2\files-2.1\commons-logging\commons-logging\1.1.3\f6f66e966c70a83ffbdb6f17a0919eaf7c8aca7f\commons-logging-1.1.3.jar;C:\Users\Jared Jarvis\.gradle\caches\modules-2\files-2.1\org.apache.httpcomponents\httpcore\4.3.2\31fbbff1ddbf98f3aa7377c94d33b0447c646b6e\httpcore-4.3.2.jar;C:\Users\Jared Jarvis\.gradle\caches\modules-2\files-2.1\java3d\vecmath\1.3.1\a0ae4f51da409fa0c20fa0ca59e6bbc9413ae71d\vecmath-1.3.1.jar;C:\Users\Jared Jarvis\.gradle\caches\modules-2\files-2.1\net.sf.trove4j\trove4j\3.0.3\42ccaf4761f0dfdfa805c9e340d99a755907e2dd\trove4j-3.0.3.jar;C:\Users\Jared Jarvis\.gradle\caches\modules-2\files-2.1\com.ibm.icu\icu4j-core-mojang\51.2\63d216a9311cca6be337c1e458e587f99d382b84\icu4j-core-mojang-51.2.jar;C:\Users\Jared Jarvis\.gradle\caches\modules-2\files-2.1\com.paulscode\codecjorbis\20101023\c73b5636faf089d9f00e8732a829577de25237ee\codecjorbis-20101023.jar;C:\Users\Jared Jarvis\.gradle\caches\modules-2\files-2.1\com.paulscode\codecwav\20101023\12f031cfe88fef5c1dd36c563c0a3a69bd7261da\codecwav-20101023.jar;C:\Users\Jared Jarvis\.gradle\caches\modules-2\files-2.1\com.paulscode\libraryjavasound\20101123\5c5e304366f75f9eaa2e8cca546a1fb6109348b3\libraryjavasound-20101123.jar;C:\Users\Jared Jarvis\.gradle\caches\modules-2\files-2.1\com.paulscode\librarylwjglopenal\20100824\73e80d0794c39665aec3f62eee88ca91676674ef\librarylwjglopenal-20100824.jar;C:\Users\Jared Jarvis\.gradle\caches\modules-2\files-2.1\com.paulscode\soundsystem\20120107\419c05fe9be71f792b2d76cfc9b67f1ed0fec7f6\soundsystem-20120107.jar;C:\Users\Jared Jarvis\.gradle\caches\modules-2\files-2.1\io.netty\netty-all\4.0.10.Final\9e50bd52ffe257a0e2cd8d971688d6ce7d174325\netty-all-4.0.10.Final.jar;C:\Users\Jared Jarvis\.gradle\caches\modules-2\files-2.1\com.google.guava\guava\17.0\9c6ef172e8de35fd8d4d8783e4821e57cdef7445\guava-17.0.jar;C:\Users\Jared Jarvis\.gradle\caches\modules-2\files-2.1\org.apache.commons\commons-lang3\3.3.2\90a3822c38ec8c996e84c16a3477ef632cbc87a3\commons-lang3-3.3.2.jar;C:\Users\Jared Jarvis\.gradle\caches\modules-2\files-2.1\commons-io\commons-io\2.4\b1b6ea3b7e4aa4f492509a4952029cd8e48019ad\commons-io-2.4.jar;C:\Users\Jared Jarvis\.gradle\caches\modules-2\files-2.1\commons-codec\commons-codec\1.9\9ce04e34240f674bc72680f8b843b1457383161a\commons-codec-1.9.jar;C:\Users\Jared Jarvis\.gradle\caches\modules-2\files-2.1\net.java.jinput\jinput\2.0.5\39c7796b469a600f72380316f6b1f11db6c2c7c4\jinput-2.0.5.jar;C:\Users\Jared Jarvis\.gradle\caches\modules-2\files-2.1\net.java.jutils\jutils\1.0.0\e12fe1fda814bd348c1579329c86943d2cd3c6a6\jutils-1.0.0.jar;C:\Users\Jared Jarvis\.gradle\caches\modules-2\files-2.1\com.google.code.gson\gson\2.2.4\a60a5e993c98c864010053cb901b7eab25306568\gson-2.2.4.jar;C:\Users\Jared Jarvis\.gradle\caches\modules-2\files-2.1\com.mojang\authlib\1.5.16\ef1582b11fd0943d069cdcb72e99008ac209a283\authlib-1.5.16.jar;C:\Users\Jared Jarvis\.gradle\caches\modules-2\files-2.1\org.apache.logging.log4j\log4j-api\2.0-beta9\1dd66e68cccd907880229f9e2de1314bd13ff785\log4j-api-2.0-beta9.jar;C:\Users\Jared Jarvis\.gradle\caches\modules-2\files-2.1\org.apache.logging.log4j\log4j-core\2.0-beta9\678861ba1b2e1fccb594bb0ca03114bb05da9695\log4j-core-2.0-beta9.jar;C:\Users\Jared Jarvis\.gradle\caches\modules-2\files-2.1\org.lwjgl.lwjgl\lwjgl\2.9.1\f58c5aabcef0e41718a564be9f8e412fff8db847\lwjgl-2.9.1.jar;C:\Users\Jared Jarvis\.gradle\caches\modules-2\files-2.1\org.lwjgl.lwjgl\lwjgl_util\2.9.1\290d7ba8a1bd9566f5ddf16ad06f09af5ec9b20e\lwjgl_util-2.9.1.jar;C:\Users\Jared Jarvis\.gradle\caches\modules-2\files-2.1\tv.twitch\twitch\5.16\1f55f009c61637c10c0acfb8b5ffc600f30044b4\twitch-5.16.jar;C:\Users\Jared Jarvis\.gradle\caches\modules-2\files-2.1\org.scala-lang\scala-actors\2.11.0\8ccfb6541de179bb1c4d45cf414acee069b7f78b\scala-actors-2.11.0.jar;C:\Users\Jared Jarvis\.gradle\caches\modules-2\files-2.1\org.scala-lang.modules\scala-xml_2.11\1.0.2\820fbca7e524b530fdadc594c39d49a21ea0337e\scala-xml_2.11-1.0.2.jar;C:\Users\Jared Jarvis\.gradle\caches\modules-2\files-2.1\org.scala-lang.modules\scala-parser-combinators_2.11\1.0.1\f05d7345bf5a58924f2837c6c1f4d73a938e1ff0\scala-parser-combinators_2.11-1.0.1.jar;C:\Users\Jared Jarvis\.gradle\caches\modules-2\files-2.1\net.java.jinput\jinput-platform\2.0.5\7ff832a6eb9ab6a767f1ade2b548092d0fa64795\jinput-platform-2.0.5-natives-linux.jar;C:\Users\Jared Jarvis\.gradle\caches\modules-2\files-2.1\net.java.jinput\jinput-platform\2.0.5\385ee093e01f587f30ee1c8a2ee7d408fd732e16\jinput-platform-2.0.5-natives-windows.jar;C:\Users\Jared Jarvis\.gradle\caches\modules-2\files-2.1\net.java.jinput\jinput-platform\2.0.5\53f9c919f34d2ca9de8c51fc4e1e8282029a9232\jinput-platform-2.0.5-natives-osx.jar;C:\Users\Jared Jarvis\.gradle\caches\modules-2\files-2.1\tv.twitch\twitch-platform\5.16\7c6affe439099806a4f552da14c42f9d643d8b23\twitch-platform-5.16-natives-windows-32.jar;C:\Users\Jared Jarvis\.gradle\caches\modules-2\files-2.1\tv.twitch\twitch-platform\5.16\39d0c3d363735b4785598e0e7fbf8297c706a9f9\twitch-platform-5.16-natives-windows-64.jar;C:\Users\Jared Jarvis\.gradle\caches\modules-2\files-2.1\tv.twitch\twitch-platform\5.16\62503ee712766cf77f97252e5902786fd834b8c5\twitch-platform-5.16-natives-osx.jar;C:\Users\Jared Jarvis\.gradle\caches\modules-2\files-2.1\tv.twitch\twitch-external-platform\4.5\18215140f010c05b9f86ef6f0f8871954d2ccebf\twitch-external-platform-4.5-natives-windows-32.jar;C:\Users\Jared Jarvis\.gradle\caches\modules-2\files-2.1\tv.twitch\twitch-external-platform\4.5\c3cde57891b935d41b6680a9c5e1502eeab76d86\twitch-external-platform-4.5-natives-windows-64.jar;C:\Users\Jared Jarvis\.gradle\caches\modules-2\files-2.1\org.lwjgl.lwjgl\lwjgl-platform\2.9.1\4c517eca808522457dd95ee8fc1fbcdbb602efbe\lwjgl-platform-2.9.1-natives-windows.jar;C:\Users\Jared Jarvis\.gradle\caches\modules-2\files-2.1\org.lwjgl.lwjgl\lwjgl-platform\2.9.1\aa9aae879af8eb378e22cfc64db56ec2ca9a44d1\lwjgl-platform-2.9.1-natives-linux.jar;C:\Users\Jared Jarvis\.gradle\caches\modules-2\files-2.1\org.lwjgl.lwjgl\lwjgl-platform\2.9.1\2d12c83fdfbc04ecabf02c7bc8cc54d034f0daac\lwjgl-platform-2.9.1-natives-osx.jar;G:\Modding\TFC Addons\.Dev Files\Waila-1.5.11-RC2-NONEI_1.7.10-dev.jar;C:\Users\Jared Jarvis\.gradle\caches\minecraft\net\minecraftforge\forge\1.7.10-10.13.4.1558-1.7.10\start;G:\Modding\TFC Addons\TerraMisc\bin;C:\Users\Jared Jarvis\.gradle\caches\minecraft\net\minecraftforge\forge\1.7.10-10.13.2.1291\forgeSrc-1.7.10-10.13.2.1291.jar;C:\Users\Jared Jarvis\.gradle\caches\modules-2\files-2.1\net.minecraft\launchwrapper\1.11\9c0592c6e1e9ea296a70948081bd4cc84dda1289\launchwrapper-1.11.jar;C:\Users\Jared Jarvis\.gradle\caches\minecraft\net\minecraftforge\forge\1.7.10-10.13.2.1291\start
[17:28:12] [main/DEBUG] [FML/]: Java library path at launch is C:\Program Files\Java\jre7\bin;C:\WINDOWS\Sun\Java\bin;C:\WINDOWS\system32;C:\WINDOWS;C:\ProgramData\Oracle\Java\javapath;C:\Program Files\Java\jdk1.7.0_80\bin;C:\Program Files (x86)\NVIDIA Corporation\PhysX\Common;C:\WINDOWS\system32;C:\WINDOWS;C:\WINDOWS\System32\Wbem;C:\WINDOWS\System32\WindowsPowerShell\v1.0\;c:\Program Files (x86)\ATI Technologies\ATI.ACE\Core-Static;C:\WINDOWS\System32\OpenSSH\;C:\Program Files\MATLAB\R2018b\bin;C:\Program Files\Microsoft SQL Server\Client SDK\ODBC\110\Tools\Binn\;C:\Program Files (x86)\Microsoft SQL Server\120\Tools\Binn\;C:\Program Files\Microsoft SQL Server\120\Tools\Binn\;C:\Program Files\Microsoft SQL Server\120\DTS\Binn\;C:\Program Files (x86)\Windows Kits\8.1\Windows Performance Toolkit\;C:\Program Files (x86)\Intel\Intel(R) Management Engine Components\DAL;C:\Program Files\Intel\Intel(R) Management Engine Components\DAL;C:\Users\Jared Jarvis\AppData\Local\Microsoft\WindowsApps;;.;C:/Users/Jared Jarvis/.gradle/caches/minecraft/net/minecraft/minecraft_natives/1.7.10
[17:28:12] [main/INFO] [FML/]: Managed to load a deobfuscated Minecraft name- we are in a deobfuscated environment. Skipping runtime deobfuscation
[17:28:12] [main/DEBUG] [FML/]: Instantiating coremod class FMLCorePlugin
[17:28:12] [main/DEBUG] [FML/]: Added access transformer class cpw.mods.fml.common.asm.transformers.AccessTransformer to enqueued access transformers
[17:28:12] [main/DEBUG] [FML/]: Enqueued coremod FMLCorePlugin
[17:28:12] [main/DEBUG] [FML/]: Instantiating coremod class FMLForgePlugin
[17:28:12] [main/DEBUG] [FML/]: Added access transformer class net.minecraftforge.transformers.ForgeAccessTransformer to enqueued access transformers
[17:28:12] [main/DEBUG] [FML/]: Enqueued coremod FMLForgePlugin
[17:28:12] [main/DEBUG] [FML/]: All fundamental core mods are successfully located
[17:28:12] [main/INFO] [FML/]: Found a command line coremod : codechicken.nei.asm.NEICorePlugin
[17:28:12] [main/DEBUG] [FML/]: Instantiating coremod class NEICorePlugin
[17:28:12] [main/WARN] [FML/]: The coremod codechicken.nei.asm.NEICorePlugin does not have a MCVersion annotation, it may cause issues with this version of Minecraft
[17:28:12] [main/DEBUG] [FML/]: Enqueued coremod NEICorePlugin
[17:28:12] [main/INFO] [FML/]: Found a command line coremod : com.bioxx.tfc.TFCASMLoadingPlugin
[17:28:12] [main/DEBUG] [FML/]: Instantiating coremod class TFCASMLoadingPlugin
[17:28:12] [main/WARN] [FML/]: The coremod com.bioxx.tfc.TFCASMLoadingPlugin does not have a MCVersion annotation, it may cause issues with this version of Minecraft
[17:28:12] [main/DEBUG] [FML/]: Enqueued coremod TFCASMLoadingPlugin
[17:28:12] [main/INFO] [FML/]: Found a command line coremod : codechicken.core.launch.CodeChickenCorePlugin
[17:28:12] [main/DEBUG] [FML/]: Instantiating coremod class CodeChickenCorePlugin
[17:28:13] [main/WARN] [FML/]: The coremod codechicken.core.launch.CodeChickenCorePlugin does not have a MCVersion annotation, it may cause issues with this version of Minecraft
[17:28:13] [main/DEBUG] [FML/]: Added access transformer class codechicken.core.asm.CodeChickenAccessTransformer to enqueued access transformers
[17:28:13] [main/DEBUG] [FML/]: Enqueued coremod CodeChickenCorePlugin
[17:28:13] [main/DEBUG] [FML/]: Attempting to load commandline specified mods, relative to G:\Modding\TFC Addons\TerraMisc\runClient\.
[17:28:13] [main/DEBUG] [FML/]: Discovering coremods
[17:28:13] [main/DEBUG] [FML/]: Examining for coremod candidacy [1.7.10]Decorations-1.0.20.jar
[17:28:13] [main/DEBUG] [FML/]: Not found coremod data in [1.7.10]Decorations-1.0.20.jar
[17:28:13] [main/DEBUG] [FML/]: Examining for coremod candidacy [1.7.10]LeatherWaterSac-3.9.B79.jar
[17:28:13] [main/DEBUG] [FML/]: Not found coremod data in [1.7.10]LeatherWaterSac-3.9.B79.jar
[17:28:13] [main/DEBUG] [FML/]: Examining for coremod candidacy [1.7.10]TFCScales-1.0.1.jar
[17:28:13] [main/DEBUG] [FML/]: Not found coremod data in [1.7.10]TFCScales-1.0.1.jar
[17:28:13] [main/DEBUG] [FML/]: Examining for coremod candidacy [1.7.10]TFCUdaryMod-0.2.33.jar
[17:28:13] [main/DEBUG] [FML/]: Not found coremod data in [1.7.10]TFCUdaryMod-0.2.33.jar
[17:28:13] [main/DEBUG] [FML/]: Examining for coremod candidacy Baubles-1.7.10-1.0.1.10.jar
[17:28:13] [main/DEBUG] [FML/]: Not found coremod data in Baubles-1.7.10-1.0.1.10.jar
[17:28:13] [main/DEBUG] [FML/]: Examining for coremod candidacy BloodMagic-1.7.10-1.3.3-17.jar
[17:28:13] [main/DEBUG] [FML/]: Not found coremod data in BloodMagic-1.7.10-1.3.3-17.jar
[17:28:13] [main/DEBUG] [FML/]: Examining for coremod candidacy Botania+r1.8-249.jar
[17:28:13] [main/DEBUG] [FML/]: Not found coremod data in Botania+r1.8-249.jar
[17:28:13] [main/DEBUG] [FML/]: Examining for coremod candidacy Farseek-1.7.10-2.0.1.jar
[17:28:13] [main/TRACE] [FML/]: Found FMLCorePluginContainsFMLMod marker in Farseek-1.7.10-2.0.1.jar, it will be examined later for regular @Mod instances
[17:28:13] [main/DEBUG] [FML/]: Instantiating coremod class FarseekCoreMod
[17:28:13] [main/WARN] [FML/]: The coremod farseek.core.FarseekCoreMod does not have a MCVersion annotation, it may cause issues with this version of Minecraft
[17:28:13] [main/DEBUG] [FML/]: Enqueued coremod FarseekCoreMod
[17:28:13] [main/DEBUG] [FML/]: Examining for coremod candidacy journeymap-1.7.10-5.1.4-unlimited.jar
[17:28:13] [main/DEBUG] [FML/]: Not found coremod data in journeymap-1.7.10-5.1.4-unlimited.jar
[17:28:13] [main/DEBUG] [FML/]: Examining for coremod candidacy Streams-1.7.10-0.3.4.jar
[17:28:13] [main/DEBUG] [FML/]: Not found coremod data in Streams-1.7.10-0.3.4.jar
[17:28:13] [main/DEBUG] [FML/]: Examining for coremod candidacy TerraFirmaCraftNEIplugin-1.7.10-1.5.3.25 (1).jar
[17:28:13] [main/DEBUG] [FML/]: Not found coremod data in TerraFirmaCraftNEIplugin-1.7.10-1.5.3.25 (1).jar
[17:28:13] [main/DEBUG] [FML/]: Examining for coremod candidacy witchery-1.7.10-0.24.1.jar
[17:28:13] [main/DEBUG] [FML/]: Not found coremod data in witchery-1.7.10-0.24.1.jar
[17:28:13] [main/INFO] [LaunchWrapper/]: Calling tweak class net.minecraftforge.gradle.tweakers.CoremodTweaker
[17:28:13] [main/INFO] [GradleStart/]: Injecting location in coremod cpw.mods.fml.relauncher.FMLCorePlugin
[17:28:13] [main/INFO] [GradleStart/]: Injecting location in coremod net.minecraftforge.classloading.FMLForgePlugin
[17:28:13] [main/INFO] [GradleStart/]: Injecting location in coremod codechicken.core.asm.MCPDeobfuscationTransformer.LoadPlugin
[17:28:13] [main/INFO] [GradleStart/]: Injecting location in coremod codechicken.nei.asm.NEICorePlugin
[17:28:13] [main/INFO] [GradleStart/]: Injecting location in coremod com.bioxx.tfc.TFCASMLoadingPlugin
[17:28:13] [main/INFO] [GradleStart/]: Injecting location in coremod codechicken.core.launch.CodeChickenCorePlugin
[17:28:13] [main/INFO] [GradleStart/]: Injecting location in coremod farseek.core.FarseekCoreMod
[17:28:13] [main/INFO] [LaunchWrapper/]: Loading tweak class name cpw.mods.fml.common.launcher.FMLInjectionAndSortingTweaker
[17:28:13] [main/INFO] [LaunchWrapper/]: Loading tweak class name cpw.mods.fml.common.launcher.FMLDeobfTweaker
[17:28:13] [main/INFO] [LaunchWrapper/]: Loading tweak class name net.minecraftforge.gradle.tweakers.AccessTransformerTweaker
[17:28:13] [main/INFO] [LaunchWrapper/]: Calling tweak class cpw.mods.fml.common.launcher.FMLInjectionAndSortingTweaker
[17:28:13] [main/INFO] [LaunchWrapper/]: Calling tweak class cpw.mods.fml.common.launcher.FMLInjectionAndSortingTweaker
[17:28:13] [main/INFO] [LaunchWrapper/]: Calling tweak class cpw.mods.fml.relauncher.CoreModManager$FMLPluginWrapper
[17:28:13] [main/DEBUG] [FML/]: Injecting coremod FMLCorePlugin {cpw.mods.fml.relauncher.FMLCorePlugin} class transformers
[17:28:13] [main/TRACE] [FML/]: Registering transformer cpw.mods.fml.common.asm.transformers.MarkerTransformer
[17:28:13] [main/TRACE] [FML/]: Registering transformer cpw.mods.fml.common.asm.transformers.SideTransformer
[17:28:13] [main/TRACE] [FML/]: Registering transformer cpw.mods.fml.common.asm.transformers.EventSubscriptionTransformer
[17:28:13] [main/DEBUG] [FML/]: Injection complete
[17:28:13] [main/DEBUG] [FML/]: Running coremod plugin for FMLCorePlugin {cpw.mods.fml.relauncher.FMLCorePlugin}
[17:28:13] [main/DEBUG] [FML/]: Running coremod plugin FMLCorePlugin
[17:28:13] [main/ERROR] [FML/]: The binary patch set is missing. Either you are in a development environment, or things are not going to work!
[17:28:17] [main/ERROR] [FML/]: FML appears to be missing any signature data. This is not a good thing
[17:28:17] [main/DEBUG] [FML/]: Coremod plugin class FMLCorePlugin run successfully
[17:28:17] [main/INFO] [LaunchWrapper/]: Calling tweak class cpw.mods.fml.relauncher.CoreModManager$FMLPluginWrapper
[17:28:17] [main/DEBUG] [FML/]: Injecting coremod FMLForgePlugin {net.minecraftforge.classloading.FMLForgePlugin} class transformers
[17:28:17] [main/TRACE] [FML/]: Registering transformer net.minecraftforge.classloading.FluidIdTransformer
[17:28:17] [main/DEBUG] [FML/]: Injection complete
[17:28:17] [main/DEBUG] [FML/]: Running coremod plugin for FMLForgePlugin {net.minecraftforge.classloading.FMLForgePlugin}
[17:28:17] [main/DEBUG] [FML/]: Running coremod plugin FMLForgePlugin
[17:28:17] [main/DEBUG] [FML/]: Coremod plugin class FMLForgePlugin run successfully
[17:28:17] [main/INFO] [LaunchWrapper/]: Calling tweak class cpw.mods.fml.relauncher.CoreModManager$FMLPluginWrapper
[17:28:17] [main/DEBUG] [FML/]: Injecting coremod CCCDeobfPlugin {codechicken.core.asm.MCPDeobfuscationTransformer$LoadPlugin} class transformers
[17:28:17] [main/DEBUG] [FML/]: Injection complete
[17:28:17] [main/DEBUG] [FML/]: Running coremod plugin for CCCDeobfPlugin {codechicken.core.asm.MCPDeobfuscationTransformer$LoadPlugin}
[17:28:17] [main/DEBUG] [FML/]: Running coremod plugin CCCDeobfPlugin
[17:28:18] [main/DEBUG] [FML/]: Coremod plugin class LoadPlugin run successfully
[17:28:18] [main/INFO] [LaunchWrapper/]: Calling tweak class cpw.mods.fml.relauncher.CoreModManager$FMLPluginWrapper
[17:28:18] [main/DEBUG] [FML/]: Injecting coremod NEICorePlugin {codechicken.nei.asm.NEICorePlugin} class transformers
[17:28:18] [main/TRACE] [FML/]: Registering transformer codechicken.nei.asm.NEITransformer
[17:28:18] [main/DEBUG] [FML/]: Injection complete
[17:28:18] [main/DEBUG] [FML/]: Running coremod plugin for NEICorePlugin {codechicken.nei.asm.NEICorePlugin}
[17:28:18] [main/DEBUG] [FML/]: Running coremod plugin NEICorePlugin
[17:28:18] [main/DEBUG] [FML/]: Coremod plugin class NEICorePlugin run successfully
[17:28:18] [main/INFO] [LaunchWrapper/]: Calling tweak class cpw.mods.fml.relauncher.CoreModManager$FMLPluginWrapper
[17:28:18] [main/DEBUG] [FML/]: Injecting coremod TFCASMLoadingPlugin {com.bioxx.tfc.TFCASMLoadingPlugin} class transformers
[17:28:18] [main/TRACE] [FML/]: Registering transformer com.bioxx.tfc.ASM.Transform.TF_EntityRenderer
[17:28:18] [main/TRACE] [FML/]: Registering transformer com.bioxx.tfc.ASM.Transform.TF_RenderGlobal
[17:28:18] [main/TRACE] [FML/]: Registering transformer com.bioxx.tfc.ASM.Transform.TF_EntityLeashKnot
[17:28:18] [main/TRACE] [FML/]: Registering transformer com.bioxx.tfc.ASM.Transform.TF_EntityPlayerMP
[17:28:18] [main/TRACE] [FML/]: Registering transformer com.bioxx.tfc.ASM.Transform.TF_EntityPlayer
[17:28:18] [main/DEBUG] [FML/]: Injection complete
[17:28:18] [main/DEBUG] [FML/]: Running coremod plugin for TFCASMLoadingPlugin {com.bioxx.tfc.TFCASMLoadingPlugin}
[17:28:18] [main/DEBUG] [FML/]: Running coremod plugin TFCASMLoadingPlugin
[17:28:18] [main/DEBUG] [FML/]: Coremod plugin class TFCASMLoadingPlugin run successfully
[17:28:18] [main/INFO] [LaunchWrapper/]: Calling tweak class cpw.mods.fml.relauncher.CoreModManager$FMLPluginWrapper
[17:28:18] [main/DEBUG] [FML/]: Injecting coremod CodeChickenCorePlugin {codechicken.core.launch.CodeChickenCorePlugin} class transformers
[17:28:18] [main/TRACE] [FML/]: Registering transformer codechicken.lib.asm.ClassHeirachyManager
[17:28:18] [main/TRACE] [FML/]: Registering transformer codechicken.core.asm.InterfaceDependancyTransformer
[17:28:18] [main/TRACE] [FML/]: Registering transformer codechicken.core.asm.TweakTransformer
[17:28:18] [main/TRACE] [FML/]: Registering transformer codechicken.core.asm.DelegatedTransformer
[17:28:18] [main/TRACE] [FML/]: Registering transformer codechicken.core.asm.DefaultImplementationTransformer
[17:28:18] [main/DEBUG] [FML/]: Injection complete
[17:28:18] [main/DEBUG] [FML/]: Running coremod plugin for CodeChickenCorePlugin {codechicken.core.launch.CodeChickenCorePlugin}
[17:28:18] [main/DEBUG] [FML/]: Running coremod plugin CodeChickenCorePlugin
[17:28:18] [main/DEBUG] [FML/]: Coremod plugin class CodeChickenCorePlugin run successfully
[17:28:18] [main/INFO] [LaunchWrapper/]: Calling tweak class cpw.mods.fml.common.launcher.FMLDeobfTweaker
[17:28:18] [main/DEBUG] [FML/]: Loaded 57 rules from AccessTransformer config file fml_at.cfg
[17:28:18] [main/DEBUG] [FML/]: Loaded 89 rules from AccessTransformer config file forge_at.cfg
[17:28:18] [main/DEBUG] [FML/]: Loaded 57 rules from AccessTransformer config file fml_at.cfg
[17:28:18] [main/DEBUG] [FML/]: Loaded 6 rules from AccessTransformer mod jar file G:\Modding\TFC Addons\TerraMisc\runClient\mods\1.7.10\witchery-1.7.10-0.24.1.jar!META-INF/witchery_at.cfg

[17:28:18] [main/DEBUG] [FML/]: Loaded 5 rules from AccessTransformer mod jar file G:\Modding\TFC Addons\TerraMisc\runClient\mods\1.7.10\Farseek-1.7.10-2.0.1.jar!META-INF/farseek_at.cfg

[17:28:18] [main/DEBUG] [FML/]: Loaded 2 rules from AccessTransformer mod jar file G:\Modding\TFC Addons\TerraMisc\runClient\mods\1.7.10\Streams-1.7.10-0.3.4.jar!META-INF/streams_at.cfg

[17:28:18] [main/DEBUG] [FML/]: Loaded 11 rules from AccessTransformer mod jar file C:\Users\Jared Jarvis\.gradle\caches\modules-2\files-2.1\codechicken\NotEnoughItems\1.7.10-1.0.4.95\23f2772674f1feda9449baf757d1ca245004470e\NotEnoughItems-1.7.10-1.0.4.95-dev.jar!META-INF/nei_at.cfg

[17:28:18] [main/DEBUG] [FML/]: Validating minecraft
[17:28:19] [main/DEBUG] [FML/]: Minecraft validated, launching...
[17:28:19] [main/INFO] [LaunchWrapper/]: Calling tweak class net.minecraftforge.gradle.tweakers.AccessTransformerTweaker
[17:28:19] [main/DEBUG] [GradleStart/]: Reading CSV file: C:\Users\Jared Jarvis\.gradle\caches\minecraft\net\minecraftforge\forge\1.7.10-10.13.4.1558-1.7.10\unpacked\conf\fields.csv
[17:28:19] [main/DEBUG] [GradleStart/]: Reading CSV file: C:\Users\Jared Jarvis\.gradle\caches\minecraft\net\minecraftforge\forge\1.7.10-10.13.4.1558-1.7.10\unpacked\conf\methods.csv
[17:28:19] [main/INFO] [GradleStart/]: Remapping AccessTransformer rules...
[17:28:19] [main/INFO] [LaunchWrapper/]: Calling tweak class cpw.mods.fml.relauncher.CoreModManager$FMLPluginWrapper
[17:28:19] [main/DEBUG] [FML/]: Injecting coremod FarseekCoreMod {farseek.core.FarseekCoreMod} class transformers
[17:28:19] [main/TRACE] [FML/]: Registering transformer farseek.core.FarseekClassTransformer
[17:28:19] [main/DEBUG] [FML/]: Injection complete
[17:28:19] [main/DEBUG] [FML/]: Running coremod plugin for FarseekCoreMod {farseek.core.FarseekCoreMod}
[17:28:19] [main/DEBUG] [FML/]: Running coremod plugin FarseekCoreMod
[17:28:19] [main/DEBUG] [FML/]: Coremod plugin class FarseekCoreMod run successfully
[17:28:19] [main/INFO] [LaunchWrapper/]: Loading tweak class name cpw.mods.fml.common.launcher.TerminalTweaker
[17:28:19] [main/INFO] [LaunchWrapper/]: Calling tweak class cpw.mods.fml.common.launcher.TerminalTweaker
[17:28:19] [main/DEBUG] [farseek.farseek/]: Found method replacements in .\mods\1.7.10\Farseek-1.7.10-2.0.1.jar:
  (ReplacedMethod(cpw/mods/fml/common/registry/GameRegistry,registerWorldGenerator,(Lcpw/mods/fml/common/IWorldGenerator;I)V),MethodReplacement(farseek/world/gen/package,registerWorldGenerator))
  (ReplacedMethod(cpw/mods/fml/common/registry/GameRegistry,generateWorld,(IILnet/minecraft/world/World;Lnet/minecraft/world/chunk/IChunkProvider;Lnet/minecraft/world/chunk/IChunkProvider;)V),MethodReplacement(farseek/world/gen/package,generateWorld))
  (ReplacedMethod(cpw/mods/fml/common/WorldAccessContainer,readData,(Lnet/minecraft/world/storage/SaveHandler;Lnet/minecraft/world/storage/WorldInfo;Ljava/util/Map;Lnet/minecraft/nbt/NBTTagCompound;)V),MethodReplacement(farseek/world/storage/package,readData))
[17:28:19] [main/DEBUG] [farseek.farseek/]: Found method replacements in .\mods\1.7.10\Streams-1.7.10-0.3.4.jar:
  (ReplacedMethod(net/minecraft/block/BlockLiquid,getFlowDirection,(Lnet/minecraft/world/IBlockAccess;IIILnet/minecraft/block/material/Material;)D),MethodReplacement(streams/block/package,getFlowDirection))
  (ReplacedMethod(net/minecraft/world/World,handleMaterialAcceleration,(Lnet/minecraft/util/AxisAlignedBB;Lnet/minecraft/block/material/Material;Lnet/minecraft/entity/Entity;)Z),MethodReplacement(streams/world/package,handleMaterialAcceleration))
  (ReplacedMethod(net/minecraft/world/WorldProvider,createChunkGenerator,()Lnet/minecraft/world/chunk/IChunkProvider;),MethodReplacement(streams/world/gen/package,createChunkGenerator))
  (ReplacedMethod(com/bioxx/tfc/Core/TFC_Core,isFreshWater,(Lnet/minecraft/block/Block;)Z),MethodReplacement(streams/tfc/package,isFreshWater))
  (ReplacedMethod(com/bioxx/tfc/WorldGen/Generators/WorldGenFissure,generate,(Lnet/minecraft/world/World;Ljava/util/Random;III)V),MethodReplacement(streams/tfc/package,generate))
  (ReplacedMethod(com/bioxx/tfc/WorldGen/TFCChunkProviderGenerate,generateStreams,(Lnet/minecraft/world/World;II[Lnet/minecraft/block/Block;[B)V),MethodReplacement(streams/tfc/package,generateStreams))
  (ReplacedMethod(com/bioxx/tfc/Entities/EntityFallingBlockTFC,canReplace,(Lnet/minecraft/world/World;III)Z),MethodReplacement(streams/tfc/package,canReplace))
[17:28:19] [main/DEBUG] [farseek.farseek/]: Found method replacements in jar:file:/G:/Modding/TFC%20Addons/TerraMisc/runClient/mods/1.7.10/Farseek-1.7.10-2.0.1.jar!/META-INF/farseek_cm.cfg:
  (ReplacedMethod(cpw/mods/fml/common/registry/GameRegistry,registerWorldGenerator,(Lcpw/mods/fml/common/IWorldGenerator;I)V),MethodReplacement(farseek/world/gen/package,registerWorldGenerator))
  (ReplacedMethod(cpw/mods/fml/common/registry/GameRegistry,generateWorld,(IILnet/minecraft/world/World;Lnet/minecraft/world/chunk/IChunkProvider;Lnet/minecraft/world/chunk/IChunkProvider;)V),MethodReplacement(farseek/world/gen/package,generateWorld))
  (ReplacedMethod(cpw/mods/fml/common/WorldAccessContainer,readData,(Lnet/minecraft/world/storage/SaveHandler;Lnet/minecraft/world/storage/WorldInfo;Ljava/util/Map;Lnet/minecraft/nbt/NBTTagCompound;)V),MethodReplacement(farseek/world/storage/package,readData))
[17:28:20] [main/INFO] [LaunchWrapper/]: Launching wrapped minecraft {net.minecraft.client.main.Main}
[17:28:20] [main/INFO] [TerraFirmaCraft ASM/]: Attempting to Transform: net/minecraft/entity/player/EntityPlayer | Found 2 injections
[17:28:20] [main/INFO] [TerraFirmaCraft ASM/]: Inserted: net/minecraft/entity/player/EntityPlayer : {moveEntityWithHeading | (FF)V}
[17:28:20] [main/INFO] [TerraFirmaCraft ASM/]: Inserted: net/minecraft/entity/player/EntityPlayer : {getItemIcon | (Lnet/minecraft/item/ItemStack;I)Lnet/minecraft/util/IIcon;}
[17:28:20] [main/INFO] [TerraFirmaCraft ASM/]: Attempting to Transform: net/minecraft/entity/player/EntityPlayer Complete
[17:28:21] [main/DEBUG] [CCL ASM/]: Inserted super call into [net/minecraft/client/renderer/InventoryEffectRenderer.updateScreen()V]
[17:28:21] [main/DEBUG] [CCL ASM/]: Writing method [net/minecraft/client/gui/inventory/GuiContainer.setWorldAndResolution(Lnet/minecraft/client/Minecraft;II)V]
[17:28:21] [main/DEBUG] [CCL ASM/]: Writing method [net/minecraft/client/gui/inventory/GuiContainer.handleKeyboardInput()V]
[17:28:21] [main/DEBUG] [CCL ASM/]: Writing method [net/minecraft/client/gui/inventory/GuiContainer.handleKeyboardInput()V]
[17:28:21] [main/DEBUG] [CCL ASM/]: Writing method [net/minecraft/client/gui/inventory/GuiContainer.handleKeyboardInput()V]
[17:28:21] [main/DEBUG] [CCL ASM/]: Writing method [net/minecraft/client/gui/inventory/GuiContainer.handleMouseInput()V]
[17:28:21] [main/DEBUG] [CCL ASM/]: Writing method [net/minecraft/client/gui/inventory/GuiContainer.public_func_73869_a(CI)V]
[17:28:21] [main/DEBUG] [CCL ASM/]: Writing method [net/minecraft/client/gui/inventory/GuiContainer.public_func_146984_a(Lnet/minecraft/inventory/Slot;III)V]
[17:28:21] [main/DEBUG] [CCL ASM/]: Injecting before method [net/minecraft/client/gui/inventory/GuiContainer.drawScreen(IIF)V]
[17:28:21] [main/DEBUG] [CCL ASM/]: Injecting after method [net/minecraft/client/gui/inventory/GuiContainer.drawScreen(IIF)V] @ 138 - 140
[17:28:21] [main/DEBUG] [CCL ASM/]: Injecting after method [net/minecraft/client/gui/inventory/GuiContainer.drawScreen(IIF)V] @ 220 - 225
[17:28:21] [main/DEBUG] [CCL ASM/]: Replacing method [net/minecraft/client/gui/inventory/GuiContainer.drawScreen(IIF)V] @ 444 - 470
[17:28:21] [main/DEBUG] [CCL ASM/]: Replacing method [net/minecraft/client/gui/inventory/GuiContainer.drawItemStack(Lnet/minecraft/item/ItemStack;IILjava/lang/String;)V] @ 9 - 10
[17:28:21] [main/DEBUG] [CCL ASM/]: Replacing method [net/minecraft/client/gui/inventory/GuiContainer.drawItemStack(Lnet/minecraft/item/ItemStack;IILjava/lang/String;)V] @ 14 - 15
[17:28:21] [main/DEBUG] [CCL ASM/]: Replacing method [net/minecraft/client/gui/inventory/GuiContainer.func_146977_a(Lnet/minecraft/inventory/Slot;)V] @ 298 - 323
[17:28:21] [main/DEBUG] [CCL ASM/]: Injecting before method [net/minecraft/client/gui/inventory/GuiContainer.mouseClicked(III)V]
[17:28:21] [main/DEBUG] [CCL ASM/]: Replacing method [net/minecraft/client/gui/inventory/GuiContainer.mouseClicked(III)V] @ 259 - 260
[17:28:21] [main/DEBUG] [CCL ASM/]: Replacing method [net/minecraft/client/gui/inventory/GuiContainer.mouseClicked(III)V] @ 331 - 332
[17:28:21] [main/DEBUG] [CCL ASM/]: Replacing method [net/minecraft/client/gui/inventory/GuiContainer.mouseClickMove(IIIJ)V] @ 98 - 99
[17:28:21] [main/DEBUG] [CCL ASM/]: Replacing method [net/minecraft/client/gui/inventory/GuiContainer.mouseClickMove(IIIJ)V] @ 107 - 108
[17:28:21] [main/DEBUG] [CCL ASM/]: Replacing method [net/minecraft/client/gui/inventory/GuiContainer.mouseClickMove(IIIJ)V] @ 118 - 119
[17:28:21] [main/DEBUG] [CCL ASM/]: Replacing method [net/minecraft/client/gui/inventory/GuiContainer.mouseMovedOrUp(III)V] @ 158 - 159
[17:28:21] [main/DEBUG] [CCL ASM/]: Replacing method [net/minecraft/client/gui/inventory/GuiContainer.mouseMovedOrUp(III)V] @ 168 - 169
[17:28:21] [main/DEBUG] [CCL ASM/]: Replacing method [net/minecraft/client/gui/inventory/GuiContainer.mouseMovedOrUp(III)V] @ 287 - 288
[17:28:21] [main/DEBUG] [CCL ASM/]: Replacing method [net/minecraft/client/gui/inventory/GuiContainer.mouseMovedOrUp(III)V] @ 295 - 296
[17:28:21] [main/DEBUG] [CCL ASM/]: Replacing method [net/minecraft/client/gui/inventory/GuiContainer.mouseMovedOrUp(III)V] @ 314 - 315
[17:28:21] [main/DEBUG] [CCL ASM/]: Replacing method [net/minecraft/client/gui/inventory/GuiContainer.mouseMovedOrUp(III)V] @ 424 - 425
[17:28:21] [main/DEBUG] [CCL ASM/]: Replacing method [net/minecraft/client/gui/inventory/GuiContainer.mouseMovedOrUp(III)V] @ 454 - 455
[17:28:21] [main/DEBUG] [CCL ASM/]: Replacing method [net/minecraft/client/gui/inventory/GuiContainer.mouseMovedOrUp(III)V] @ 468 - 469
[17:28:21] [main/DEBUG] [CCL ASM/]: Replacing method [net/minecraft/client/gui/inventory/GuiContainer.mouseMovedOrUp(III)V] @ 497 - 498
[17:28:21] [main/DEBUG] [CCL ASM/]: Replacing method [net/minecraft/client/gui/inventory/GuiContainer.mouseMovedOrUp(III)V] @ 557 - 559
[17:28:21] [main/DEBUG] [CCL ASM/]: Replacing method [net/minecraft/client/gui/inventory/GuiContainer.keyTyped(CI)V] @ 54 - 55
[17:28:21] [main/DEBUG] [CCL ASM/]: Replacing method [net/minecraft/client/gui/inventory/GuiContainer.keyTyped(CI)V] @ 84 - 85
[17:28:21] [main/DEBUG] [CCL ASM/]: Replacing method [net/minecraft/client/gui/inventory/GuiContainer.checkHotbarKeys(I)Z] @ 41 - 42
[17:28:21] [main/DEBUG] [CCL ASM/]: Writing method [net/minecraft/client/gui/inventory/GuiContainer.managerHandleMouseClick(Lnet/minecraft/inventory/Slot;III)V]
[17:28:21] [main/DEBUG] [CCL ASM/]: Injecting after method [net/minecraft/client/gui/inventory/GuiContainer.mouseClickMove(IIIJ)V] @ 14 - 15
[17:28:21] [main/DEBUG] [CCL ASM/]: Injecting before method [net/minecraft/client/gui/inventory/GuiContainer.mouseMovedOrUp(III)V]
[17:28:21] [main/DEBUG] [CCL ASM/]: NEI: Injecting mouseUp call
[17:28:21] [main/DEBUG] [CCL ASM/]: Replacing method [net/minecraft/client/gui/inventory/GuiContainer.handleMouseClick(Lnet/minecraft/inventory/Slot;III)V] @ 10 - 26
[17:28:21] [main/DEBUG] [CCL ASM/]: Injecting before method [net/minecraft/client/gui/inventory/GuiContainer.keyTyped(CI)V]
[17:28:21] [main/DEBUG] [CCL ASM/]: Injecting after method [net/minecraft/client/gui/inventory/GuiContainer.updateScreen()V] @ 0 - 4
[17:28:22] [main/DEBUG] [CCL ASM/]: Writing method [net/minecraft/block/Block.canBeReplacedByLeaves(Lnet/minecraft/world/IBlockAccess;III)Z]
[17:28:23] [main/DEBUG] [CCL ASM/]: Writing method [net/minecraft/block/BlockMobSpawner.onBlockPlacedBy(Lnet/minecraft/world/World;IIILnet/minecraft/entity/EntityLivingBase;Lnet/minecraft/item/ItemStack;)V]
[17:28:24] [main/DEBUG] [CCL ASM/]: Injecting before method [net/minecraft/nbt/NBTTagCompound.toString()Ljava/lang/String;] @ 51 - 55
[17:28:24] [main/DEBUG] [CCL ASM/]: Injecting before method [net/minecraft/nbt/NBTTagList.toString()Ljava/lang/String;] @ 56 - 60
[17:28:24] [main/INFO] [TerraFirmaCraft ASM/]: Attempting to Transform: net/minecraft/entity/player/EntityPlayerMP | Found 1 injections
[17:28:24] [main/INFO] [TerraFirmaCraft ASM/]: Inserted: net/minecraft/entity/player/EntityPlayerMP : {onUpdateEntity | ()V}
[17:28:24] [main/INFO] [TerraFirmaCraft ASM/]: Attempting to Transform: net/minecraft/entity/player/EntityPlayerMP Complete
[17:28:24] [main/INFO] [TerraFirmaCraft ASM/]: Attempting to Transform: net/minecraft/entity/EntityLeashKnot | Found 1 injections
[17:28:24] [main/INFO] [TerraFirmaCraft ASM/]: Inserted: net/minecraft/entity/EntityLeashKnot : {onValidSurface | ()Z}
[17:28:24] [main/INFO] [TerraFirmaCraft ASM/]: Attempting to Transform: net/minecraft/entity/EntityLeashKnot Complete
[17:28:25] [Client thread/DEBUG] [CCL ASM/]: Replacing method [net/minecraft/client/renderer/entity/RenderItem.renderGlint(IIIII)V] @ 7 - 16
[17:28:25] [Client thread/DEBUG] [FML/]: Bar Finished: Loading Resource - LanguageManager took 0.035s
[17:28:25] [Client thread/INFO] [STDOUT/]: [cpw.mods.fml.client.SplashProgress:start:188]: ---- Minecraft Crash Report ----
// You're mean.

Time: 5/16/19 5:28 PM
Description: Loading screen debug info

This is just a prompt for computer specs to be printed. THIS IS NOT A ERROR


A detailed walkthrough of the error, its code path and all known details is as follows:
---------------------------------------------------------------------------------------

-- System Details --
Details:
	Minecraft Version: 1.7.10
	Operating System: Windows 8.1 (amd64) version 6.3
	Java Version: 1.7.0_80, Oracle Corporation
	Java VM Version: Java HotSpot(TM) 64-Bit Server VM (mixed mode), Oracle Corporation
	Memory: 276156728 bytes (263 MB) / 579338240 bytes (552 MB) up to 3795320832 bytes (3619 MB)
	JVM Flags: 0 total; 
	AABB Pool Size: 0 (0 bytes; 0 MB) allocated, 0 (0 bytes; 0 MB) used
	IntCache: cache: 0, tcache: 0, allocated: 0, tallocated: 0
	FML: 
	GL info: ' Vendor: 'Intel' Version: '4.5.0 - Build 25.20.100.6472' Renderer: 'Intel(R) HD Graphics 520'
[17:28:25] [Client thread/INFO] [MinecraftForge/]: Attempting early MinecraftForge initialization
[17:28:25] [Client thread/INFO] [FML/]: MinecraftForge v10.13.4.1558 Initialized
[17:28:26] [Client thread/INFO] [FML/]: Replaced 183 ore recipies
[17:28:26] [Client thread/INFO] [MinecraftForge/]: Completed early MinecraftForge initialization
[17:28:26] [Client thread/DEBUG] [FML/]: File G:\Modding\TFC Addons\TerraMisc\runClient\config\injectedDependencies.json not found. No dependencies injected
[17:28:26] [Client thread/DEBUG] [FML/]: Building injected Mod Containers [cpw.mods.fml.common.FMLContainer, net.minecraftforge.common.ForgeModContainer, codechicken.nei.NEIModContainer, com.bioxx.tfc.TerraFirmaCraftCore, codechicken.core.asm.CodeChickenCoreModContainer]
[17:28:26] [Client thread/DEBUG] [FML/]: Attempting to load mods contained in the minecraft jar file and associated classes
[17:28:26] [Client thread/DEBUG] [FML/]: Found a minecraft related directory at G:\Modding\TFC Addons\TFCraft-0.79.29\bin, examining for mod candidates
[17:28:26] [Client thread/DEBUG] [FML/]: Found a minecraft related file at C:\Users\Jared Jarvis\.gradle\caches\modules-2\files-2.1\codechicken\CodeChickenCore\1.7.10-1.0.4.35\b7165acdf6b414123d49bde2c9a92561cc33c669\CodeChickenCore-1.7.10-1.0.4.35-dev.jar, examining for mod candidates
[17:28:26] [Client thread/DEBUG] [FML/]: Found a minecraft related file at C:\Users\Jared Jarvis\.gradle\caches\modules-2\files-2.1\codechicken\CodeChickenLib\1.7.10-1.1.3.127\ef00b332b40c0ebfc42ed5720d6d5b8f4de0eeb4\CodeChickenLib-1.7.10-1.1.3.127-dev.jar, examining for mod candidates
[17:28:26] [Client thread/DEBUG] [FML/]: Found a minecraft related file at C:\Users\Jared Jarvis\.gradle\caches\modules-2\files-2.1\codechicken\NotEnoughItems\1.7.10-1.0.4.95\23f2772674f1feda9449baf757d1ca245004470e\NotEnoughItems-1.7.10-1.0.4.95-dev.jar, examining for mod candidates
[17:28:26] [Client thread/DEBUG] [FML/]: Found a minecraft related file at G:\Modding\TFC Addons\TFCraft-0.79.29\build\dirtyArtifacts\forgeSrc-1.7.10-10.13.4.1558-1.7.10.jar, examining for mod candidates
[17:28:26] [Client thread/DEBUG] [FML/]: Found a minecraft related file at C:\Users\Jared Jarvis\.gradle\caches\modules-2\files-2.1\net.minecraft\launchwrapper\1.12\111e7bea9c968cdb3d06ef4632bf7ff0824d0f36\launchwrapper-1.12.jar, examining for mod candidates
[17:28:26] [Client thread/DEBUG] [FML/]: Found a minecraft related file at C:\Users\Jared Jarvis\.gradle\caches\modules-2\files-2.1\com.google.code.findbugs\jsr305\1.3.9\40719ea6961c0cb6afaeb6a921eaa1f6afd4cfdf\jsr305-1.3.9.jar, examining for mod candidates
[17:28:26] [Client thread/DEBUG] [FML/]: Found a minecraft related file at C:\Users\Jared Jarvis\.gradle\caches\modules-2\files-2.1\org.ow2.asm\asm-debug-all\5.0.3\f9e364ae2a66ce2a543012a4668856e84e5dab74\asm-debug-all-5.0.3.jar, examining for mod candidates
[17:28:26] [Client thread/DEBUG] [FML/]: Found a minecraft related file at C:\Users\Jared Jarvis\.gradle\caches\modules-2\files-2.1\com.typesafe.akka\akka-actor_2.11\2.3.3\ed62e9fc709ca0f2ff1a3220daa8b70a2870078e\akka-actor_2.11-2.3.3.jar, examining for mod candidates
[17:28:26] [Client thread/DEBUG] [FML/]: Found a minecraft related file at C:\Users\Jared Jarvis\.gradle\caches\modules-2\files-2.1\com.typesafe\config\1.2.1\f771f71fdae3df231bcd54d5ca2d57f0bf93f467\config-1.2.1.jar, examining for mod candidates
[17:28:26] [Client thread/DEBUG] [FML/]: Found a minecraft related file at C:\Users\Jared Jarvis\.gradle\caches\modules-2\files-2.1\org.scala-lang\scala-actors-migration_2.11\1.1.0\dfa8bc42b181d5b9f1a5dd147f8ae308b893eb6f\scala-actors-migration_2.11-1.1.0.jar, examining for mod candidates
[17:28:26] [Client thread/DEBUG] [FML/]: Found a minecraft related file at C:\Users\Jared Jarvis\.gradle\caches\modules-2\files-2.1\org.scala-lang\scala-compiler\2.11.1\56ea2e6c025e0821f28d73ca271218b8dd04926a\scala-compiler-2.11.1.jar, examining for mod candidates
[17:28:26] [Client thread/DEBUG] [FML/]: Found a minecraft related file at C:\Users\Jared Jarvis\.gradle\caches\modules-2\files-2.1\org.scala-lang.plugins\scala-continuations-library_2.11\1.0.2\e517c53a7e9acd6b1668c5a35eccbaa3bab9aac\scala-continuations-library_2.11-1.0.2.jar, examining for mod candidates
[17:28:26] [Client thread/DEBUG] [FML/]: Found a minecraft related file at C:\Users\Jared Jarvis\.gradle\caches\modules-2\files-2.1\org.scala-lang.plugins\scala-continuations-plugin_2.11.1\1.0.2\f361a3283452c57fa30c1ee69448995de23c60f7\scala-continuations-plugin_2.11.1-1.0.2.jar, examining for mod candidates
[17:28:26] [Client thread/DEBUG] [FML/]: Found a minecraft related file at C:\Users\Jared Jarvis\.gradle\caches\modules-2\files-2.1\org.scala-lang\scala-library\2.11.1\e11da23da3eabab9f4777b9220e60d44c1aab6a\scala-library-2.11.1.jar, examining for mod candidates
[17:28:26] [Client thread/DEBUG] [FML/]: Found a minecraft related file at C:\Users\Jared Jarvis\.gradle\caches\modules-2\files-2.1\org.scala-lang\scala-parser-combinators_2.11\1.0.1\f05d7345bf5a58924f2837c6c1f4d73a938e1ff0\scala-parser-combinators_2.11-1.0.1.jar, examining for mod candidates
[17:28:26] [Client thread/DEBUG] [FML/]: Found a minecraft related file at C:\Users\Jared Jarvis\.gradle\caches\modules-2\files-2.1\org.scala-lang\scala-reflect\2.11.1\6580347e61cc7f8e802941e7fde40fa83b8badeb\scala-reflect-2.11.1.jar, examining for mod candidates
[17:28:26] [Client thread/DEBUG] [FML/]: Found a minecraft related file at C:\Users\Jared Jarvis\.gradle\caches\modules-2\files-2.1\org.scala-lang\scala-swing_2.11\1.0.1\b1cdd92bd47b1e1837139c1c53020e86bb9112ae\scala-swing_2.11-1.0.1.jar, examining for mod candidates
[17:28:26] [Client thread/DEBUG] [FML/]: Found a minecraft related file at C:\Users\Jared Jarvis\.gradle\caches\modules-2\files-2.1\org.scala-lang\scala-xml_2.11\1.0.2\7a80ec00aec122fba7cd4e0d4cdd87ff7e4cb6d0\scala-xml_2.11-1.0.2.jar, examining for mod candidates
[17:28:26] [Client thread/DEBUG] [FML/]: Found a minecraft related file at C:\Users\Jared Jarvis\.gradle\caches\modules-2\files-2.1\net.sf.jopt-simple\jopt-simple\4.5\6065cc95c661255349c1d0756657be17c29a4fd3\jopt-simple-4.5.jar, examining for mod candidates
[17:28:26] [Client thread/DEBUG] [FML/]: Found a minecraft related file at C:\Users\Jared Jarvis\.gradle\caches\modules-2\files-2.1\lzma\lzma\0.0.1\521616dc7487b42bef0e803bd2fa3faf668101d7\lzma-0.0.1.jar, examining for mod candidates
[17:28:26] [Client thread/DEBUG] [FML/]: Found a minecraft related file at C:\Users\Jared Jarvis\.gradle\caches\modules-2\files-2.1\com.mojang\realms\1.3.5\807ae355ee63583becd7ea60e76aab1532bb42e\realms-1.3.5.jar, examining for mod candidates
[17:28:26] [Client thread/DEBUG] [FML/]: Found a minecraft related file at C:\Users\Jared Jarvis\.gradle\caches\modules-2\files-2.1\org.apache.commons\commons-compress\1.8.1\a698750c16740fd5b3871425f4cb3bbaa87f529d\commons-compress-1.8.1.jar, examining for mod candidates
[17:28:26] [Client thread/DEBUG] [FML/]: Found a minecraft related file at C:\Users\Jared Jarvis\.gradle\caches\modules-2\files-2.1\org.apache.httpcomponents\httpclient\4.3.3\18f4247ff4572a074444572cee34647c43e7c9c7\httpclient-4.3.3.jar, examining for mod candidates
[17:28:26] [Client thread/DEBUG] [FML/]: Found a minecraft related file at C:\Users\Jared Jarvis\.gradle\caches\modules-2\files-2.1\commons-logging\commons-logging\1.1.3\f6f66e966c70a83ffbdb6f17a0919eaf7c8aca7f\commons-logging-1.1.3.jar, examining for mod candidates
[17:28:26] [Client thread/DEBUG] [FML/]: Found a minecraft related file at C:\Users\Jared Jarvis\.gradle\caches\modules-2\files-2.1\org.apache.httpcomponents\httpcore\4.3.2\31fbbff1ddbf98f3aa7377c94d33b0447c646b6e\httpcore-4.3.2.jar, examining for mod candidates
[17:28:26] [Client thread/DEBUG] [FML/]: Found a minecraft related file at C:\Users\Jared Jarvis\.gradle\caches\modules-2\files-2.1\java3d\vecmath\1.3.1\a0ae4f51da409fa0c20fa0ca59e6bbc9413ae71d\vecmath-1.3.1.jar, examining for mod candidates
[17:28:26] [Client thread/DEBUG] [FML/]: Found a minecraft related file at C:\Users\Jared Jarvis\.gradle\caches\modules-2\files-2.1\net.sf.trove4j\trove4j\3.0.3\42ccaf4761f0dfdfa805c9e340d99a755907e2dd\trove4j-3.0.3.jar, examining for mod candidates
[17:28:26] [Client thread/DEBUG] [FML/]: Found a minecraft related file at C:\Users\Jared Jarvis\.gradle\caches\modules-2\files-2.1\com.ibm.icu\icu4j-core-mojang\51.2\63d216a9311cca6be337c1e458e587f99d382b84\icu4j-core-mojang-51.2.jar, examining for mod candidates
[17:28:26] [Client thread/DEBUG] [FML/]: Found a minecraft related file at C:\Users\Jared Jarvis\.gradle\caches\modules-2\files-2.1\com.paulscode\codecjorbis\20101023\c73b5636faf089d9f00e8732a829577de25237ee\codecjorbis-20101023.jar, examining for mod candidates
[17:28:26] [Client thread/DEBUG] [FML/]: Found a minecraft related file at C:\Users\Jared Jarvis\.gradle\caches\modules-2\files-2.1\com.paulscode\codecwav\20101023\12f031cfe88fef5c1dd36c563c0a3a69bd7261da\codecwav-20101023.jar, examining for mod candidates
[17:28:26] [Client thread/DEBUG] [FML/]: Found a minecraft related file at C:\Users\Jared Jarvis\.gradle\caches\modules-2\files-2.1\com.paulscode\libraryjavasound\20101123\5c5e304366f75f9eaa2e8cca546a1fb6109348b3\libraryjavasound-20101123.jar, examining for mod candidates
[17:28:26] [Client thread/DEBUG] [FML/]: Found a minecraft related file at C:\Users\Jared Jarvis\.gradle\caches\modules-2\files-2.1\com.paulscode\librarylwjglopenal\20100824\73e80d0794c39665aec3f62eee88ca91676674ef\librarylwjglopenal-20100824.jar, examining for mod candidates
[17:28:26] [Client thread/DEBUG] [FML/]: Found a minecraft related file at C:\Users\Jared Jarvis\.gradle\caches\modules-2\files-2.1\com.paulscode\soundsystem\20120107\419c05fe9be71f792b2d76cfc9b67f1ed0fec7f6\soundsystem-20120107.jar, examining for mod candidates
[17:28:26] [Client thread/DEBUG] [FML/]: Found a minecraft related file at C:\Users\Jared Jarvis\.gradle\caches\modules-2\files-2.1\io.netty\netty-all\4.0.10.Final\9e50bd52ffe257a0e2cd8d971688d6ce7d174325\netty-all-4.0.10.Final.jar, examining for mod candidates
[17:28:26] [Client thread/DEBUG] [FML/]: Found a minecraft related file at C:\Users\Jared Jarvis\.gradle\caches\modules-2\files-2.1\com.google.guava\guava\17.0\9c6ef172e8de35fd8d4d8783e4821e57cdef7445\guava-17.0.jar, examining for mod candidates
[17:28:26] [Client thread/DEBUG] [FML/]: Found a minecraft related file at C:\Users\Jared Jarvis\.gradle\caches\modules-2\files-2.1\org.apache.commons\commons-lang3\3.3.2\90a3822c38ec8c996e84c16a3477ef632cbc87a3\commons-lang3-3.3.2.jar, examining for mod candidates
[17:28:26] [Client thread/DEBUG] [FML/]: Found a minecraft related file at C:\Users\Jared Jarvis\.gradle\caches\modules-2\files-2.1\commons-io\commons-io\2.4\b1b6ea3b7e4aa4f492509a4952029cd8e48019ad\commons-io-2.4.jar, examining for mod candidates
[17:28:26] [Client thread/DEBUG] [FML/]: Found a minecraft related file at C:\Users\Jared Jarvis\.gradle\caches\modules-2\files-2.1\commons-codec\commons-codec\1.9\9ce04e34240f674bc72680f8b843b1457383161a\commons-codec-1.9.jar, examining for mod candidates
[17:28:26] [Client thread/DEBUG] [FML/]: Found a minecraft related file at C:\Users\Jared Jarvis\.gradle\caches\modules-2\files-2.1\net.java.jinput\jinput\2.0.5\39c7796b469a600f72380316f6b1f11db6c2c7c4\jinput-2.0.5.jar, examining for mod candidates
[17:28:26] [Client thread/DEBUG] [FML/]: Found a minecraft related file at C:\Users\Jared Jarvis\.gradle\caches\modules-2\files-2.1\net.java.jutils\jutils\1.0.0\e12fe1fda814bd348c1579329c86943d2cd3c6a6\jutils-1.0.0.jar, examining for mod candidates
[17:28:26] [Client thread/DEBUG] [FML/]: Found a minecraft related file at C:\Users\Jared Jarvis\.gradle\caches\modules-2\files-2.1\com.google.code.gson\gson\2.2.4\a60a5e993c98c864010053cb901b7eab25306568\gson-2.2.4.jar, examining for mod candidates
[17:28:26] [Client thread/DEBUG] [FML/]: Found a minecraft related file at C:\Users\Jared Jarvis\.gradle\caches\modules-2\files-2.1\com.mojang\authlib\1.5.16\ef1582b11fd0943d069cdcb72e99008ac209a283\authlib-1.5.16.jar, examining for mod candidates
[17:28:26] [Client thread/DEBUG] [FML/]: Found a minecraft related file at C:\Users\Jared Jarvis\.gradle\caches\modules-2\files-2.1\org.apache.logging.log4j\log4j-api\2.0-beta9\1dd66e68cccd907880229f9e2de1314bd13ff785\log4j-api-2.0-beta9.jar, examining for mod candidates
[17:28:26] [Client thread/DEBUG] [FML/]: Found a minecraft related file at C:\Users\Jared Jarvis\.gradle\caches\modules-2\files-2.1\org.apache.logging.log4j\log4j-core\2.0-beta9\678861ba1b2e1fccb594bb0ca03114bb05da9695\log4j-core-2.0-beta9.jar, examining for mod candidates
[17:28:26] [Client thread/DEBUG] [FML/]: Found a minecraft related file at C:\Users\Jared Jarvis\.gradle\caches\modules-2\files-2.1\org.lwjgl.lwjgl\lwjgl\2.9.1\f58c5aabcef0e41718a564be9f8e412fff8db847\lwjgl-2.9.1.jar, examining for mod candidates
[17:28:26] [Client thread/DEBUG] [FML/]: Found a minecraft related file at C:\Users\Jared Jarvis\.gradle\caches\modules-2\files-2.1\org.lwjgl.lwjgl\lwjgl_util\2.9.1\290d7ba8a1bd9566f5ddf16ad06f09af5ec9b20e\lwjgl_util-2.9.1.jar, examining for mod candidates
[17:28:26] [Client thread/DEBUG] [FML/]: Found a minecraft related file at C:\Users\Jared Jarvis\.gradle\caches\modules-2\files-2.1\tv.twitch\twitch\5.16\1f55f009c61637c10c0acfb8b5ffc600f30044b4\twitch-5.16.jar, examining for mod candidates
[17:28:26] [Client thread/DEBUG] [FML/]: Found a minecraft related file at C:\Users\Jared Jarvis\.gradle\caches\modules-2\files-2.1\org.scala-lang\scala-actors\2.11.0\8ccfb6541de179bb1c4d45cf414acee069b7f78b\scala-actors-2.11.0.jar, examining for mod candidates
[17:28:26] [Client thread/DEBUG] [FML/]: Found a minecraft related file at C:\Users\Jared Jarvis\.gradle\caches\modules-2\files-2.1\org.scala-lang.modules\scala-xml_2.11\1.0.2\820fbca7e524b530fdadc594c39d49a21ea0337e\scala-xml_2.11-1.0.2.jar, examining for mod candidates
[17:28:26] [Client thread/DEBUG] [FML/]: Found a minecraft related file at C:\Users\Jared Jarvis\.gradle\caches\modules-2\files-2.1\org.scala-lang.modules\scala-parser-combinators_2.11\1.0.1\f05d7345bf5a58924f2837c6c1f4d73a938e1ff0\scala-parser-combinators_2.11-1.0.1.jar, examining for mod candidates
[17:28:26] [Client thread/DEBUG] [FML/]: Found a minecraft related file at C:\Users\Jared Jarvis\.gradle\caches\modules-2\files-2.1\net.java.jinput\jinput-platform\2.0.5\7ff832a6eb9ab6a767f1ade2b548092d0fa64795\jinput-platform-2.0.5-natives-linux.jar, examining for mod candidates
[17:28:26] [Client thread/DEBUG] [FML/]: Found a minecraft related file at C:\Users\Jared Jarvis\.gradle\caches\modules-2\files-2.1\net.java.jinput\jinput-platform\2.0.5\385ee093e01f587f30ee1c8a2ee7d408fd732e16\jinput-platform-2.0.5-natives-windows.jar, examining for mod candidates
[17:28:26] [Client thread/DEBUG] [FML/]: Found a minecraft related file at C:\Users\Jared Jarvis\.gradle\caches\modules-2\files-2.1\net.java.jinput\jinput-platform\2.0.5\53f9c919f34d2ca9de8c51fc4e1e8282029a9232\jinput-platform-2.0.5-natives-osx.jar, examining for mod candidates
[17:28:26] [Client thread/DEBUG] [FML/]: Found a minecraft related file at C:\Users\Jared Jarvis\.gradle\caches\modules-2\files-2.1\tv.twitch\twitch-platform\5.16\7c6affe439099806a4f552da14c42f9d643d8b23\twitch-platform-5.16-natives-windows-32.jar, examining for mod candidates
[17:28:26] [Client thread/DEBUG] [FML/]: Found a minecraft related file at C:\Users\Jared Jarvis\.gradle\caches\modules-2\files-2.1\tv.twitch\twitch-platform\5.16\39d0c3d363735b4785598e0e7fbf8297c706a9f9\twitch-platform-5.16-natives-windows-64.jar, examining for mod candidates
[17:28:26] [Client thread/DEBUG] [FML/]: Found a minecraft related file at C:\Users\Jared Jarvis\.gradle\caches\modules-2\files-2.1\tv.twitch\twitch-platform\5.16\62503ee712766cf77f97252e5902786fd834b8c5\twitch-platform-5.16-natives-osx.jar, examining for mod candidates
[17:28:26] [Client thread/DEBUG] [FML/]: Found a minecraft related file at C:\Users\Jared Jarvis\.gradle\caches\modules-2\files-2.1\tv.twitch\twitch-external-platform\4.5\18215140f010c05b9f86ef6f0f8871954d2ccebf\twitch-external-platform-4.5-natives-windows-32.jar, examining for mod candidates
[17:28:26] [Client thread/DEBUG] [FML/]: Found a minecraft related file at C:\Users\Jared Jarvis\.gradle\caches\modules-2\files-2.1\tv.twitch\twitch-external-platform\4.5\c3cde57891b935d41b6680a9c5e1502eeab76d86\twitch-external-platform-4.5-natives-windows-64.jar, examining for mod candidates
[17:28:26] [Client thread/DEBUG] [FML/]: Found a minecraft related file at C:\Users\Jared Jarvis\.gradle\caches\modules-2\files-2.1\org.lwjgl.lwjgl\lwjgl-platform\2.9.1\4c517eca808522457dd95ee8fc1fbcdbb602efbe\lwjgl-platform-2.9.1-natives-windows.jar, examining for mod candidates
[17:28:26] [Client thread/DEBUG] [FML/]: Found a minecraft related file at C:\Users\Jared Jarvis\.gradle\caches\modules-2\files-2.1\org.lwjgl.lwjgl\lwjgl-platform\2.9.1\aa9aae879af8eb378e22cfc64db56ec2ca9a44d1\lwjgl-platform-2.9.1-natives-linux.jar, examining for mod candidates
[17:28:26] [Client thread/DEBUG] [FML/]: Found a minecraft related file at C:\Users\Jared Jarvis\.gradle\caches\modules-2\files-2.1\org.lwjgl.lwjgl\lwjgl-platform\2.9.1\2d12c83fdfbc04ecabf02c7bc8cc54d034f0daac\lwjgl-platform-2.9.1-natives-osx.jar, examining for mod candidates
[17:28:26] [Client thread/DEBUG] [FML/]: Found a minecraft related file at G:\Modding\TFC Addons\.Dev Files\Waila-1.5.11-RC2-NONEI_1.7.10-dev.jar, examining for mod candidates
[17:28:26] [Client thread/DEBUG] [FML/]: Found a minecraft related directory at C:\Users\Jared Jarvis\.gradle\caches\minecraft\net\minecraftforge\forge\1.7.10-10.13.4.1558-1.7.10\start, examining for mod candidates
[17:28:26] [Client thread/DEBUG] [FML/]: Found a minecraft related directory at G:\Modding\TFC Addons\TerraMisc\bin, examining for mod candidates
[17:28:26] [Client thread/DEBUG] [FML/]: Found a minecraft related file at C:\Users\Jared Jarvis\.gradle\caches\minecraft\net\minecraftforge\forge\1.7.10-10.13.2.1291\forgeSrc-1.7.10-10.13.2.1291.jar, examining for mod candidates
[17:28:26] [Client thread/DEBUG] [FML/]: Found a minecraft related file at C:\Users\Jared Jarvis\.gradle\caches\modules-2\files-2.1\net.minecraft\launchwrapper\1.11\9c0592c6e1e9ea296a70948081bd4cc84dda1289\launchwrapper-1.11.jar, examining for mod candidates
[17:28:26] [Client thread/DEBUG] [FML/]: Found a minecraft related directory at C:\Users\Jared Jarvis\.gradle\caches\minecraft\net\minecraftforge\forge\1.7.10-10.13.2.1291\start, examining for mod candidates
[17:28:26] [Client thread/TRACE] [FML/]: Skipping known library file G:\Modding\TFC Addons\TerraMisc\runClient\mods\1.7.10\Farseek-1.7.10-2.0.1.jar
[17:28:26] [Client thread/DEBUG] [FML/]: Minecraft jar mods loaded successfully
[17:28:26] [Client thread/INFO] [FML/]: Found 0 mods from the command line. Injecting into mod discoverer
[17:28:26] [Client thread/INFO] [FML/]: Searching G:\Modding\TFC Addons\TerraMisc\runClient\mods for mods
[17:28:26] [Client thread/DEBUG] [FML/]: Found a candidate mod directory 1.7.10
[17:28:26] [Client thread/INFO] [FML/]: Also searching G:\Modding\TFC Addons\TerraMisc\runClient\mods\1.7.10 for mods
[17:28:26] [Client thread/DEBUG] [FML/]: Found a candidate zip or jar file [1.7.10]Decorations-1.0.20.jar
[17:28:26] [Client thread/DEBUG] [FML/]: Found a candidate zip or jar file [1.7.10]LeatherWaterSac-3.9.B79.jar
[17:28:26] [Client thread/DEBUG] [FML/]: Found a candidate zip or jar file [1.7.10]TFCScales-1.0.1.jar
[17:28:26] [Client thread/DEBUG] [FML/]: Found a candidate zip or jar file [1.7.10]TFCUdaryMod-0.2.33.jar
[17:28:26] [Client thread/DEBUG] [FML/]: Found a candidate zip or jar file Baubles-1.7.10-1.0.1.10.jar
[17:28:26] [Client thread/DEBUG] [FML/]: Found a candidate zip or jar file BloodMagic-1.7.10-1.3.3-17.jar
[17:28:26] [Client thread/DEBUG] [FML/]: Found a candidate zip or jar file Botania+r1.8-249.jar
[17:28:26] [Client thread/DEBUG] [FML/]: Found a candidate zip or jar file Farseek-1.7.10-2.0.1.jar
[17:28:26] [Client thread/DEBUG] [FML/]: Found a candidate zip or jar file journeymap-1.7.10-5.1.4-unlimited.jar
[17:28:26] [Client thread/DEBUG] [FML/]: Found a candidate zip or jar file Streams-1.7.10-0.3.4.jar
[17:28:26] [Client thread/DEBUG] [FML/]: Found a candidate zip or jar file TerraFirmaCraftNEIplugin-1.7.10-1.5.3.25 (1).jar
[17:28:26] [Client thread/DEBUG] [FML/]: Found a candidate zip or jar file witchery-1.7.10-0.24.1.jar
[17:28:26] [Client thread/DEBUG] [FML/]: Examining directory bin for potential mods
[17:28:26] [Client thread/DEBUG] [FML/]: Found an mcmod.info file in directory bin
[17:28:26] [Client thread/TRACE] [FML/]: Recursing into package assets
[17:28:26] [Client thread/TRACE] [FML/]: Recursing into package assets.terrafirmacraft
[17:28:26] [Client thread/TRACE] [FML/]: Recursing into package assets.terrafirmacraft.lang
[17:28:26] [Client thread/TRACE] [FML/]: Recursing into package assets.terrafirmacraft.shaders
[17:28:26] [Client thread/TRACE] [FML/]: Recursing into package assets.terrafirmacraft.shaders.post
[17:28:26] [Client thread/TRACE] [FML/]: Recursing into package assets.terrafirmacraft.shaders.program
[17:28:26] [Client thread/TRACE] [FML/]: Recursing into package assets.terrafirmacraft.sounds
[17:28:26] [Client thread/TRACE] [FML/]: Recursing into package assets.terrafirmacraft.sounds.music
[17:28:26] [Client thread/TRACE] [FML/]: Recursing into package assets.terrafirmacraft.textures
[17:28:26] [Client thread/TRACE] [FML/]: Recursing into package assets.terrafirmacraft.textures.blocks
[17:28:26] [Client thread/TRACE] [FML/]: Recursing into package assets.terrafirmacraft.textures.blocks.clay
[17:28:26] [Client thread/TRACE] [FML/]: Recursing into package assets.terrafirmacraft.textures.blocks.devices
[17:28:26] [Client thread/TRACE] [FML/]: Recursing into package assets.terrafirmacraft.textures.blocks.farmland
[17:28:26] [Client thread/TRACE] [FML/]: Recursing into package assets.terrafirmacraft.textures.blocks.metal
[17:28:26] [Client thread/TRACE] [FML/]: Recursing into package assets.terrafirmacraft.textures.blocks.ores
[17:28:26] [Client thread/TRACE] [FML/]: Recursing into package assets.terrafirmacraft.textures.blocks.plants
[17:28:26] [Client thread/TRACE] [FML/]: Recursing into package assets.terrafirmacraft.textures.blocks.plants.crops
[17:28:26] [Client thread/TRACE] [FML/]: Recursing into package assets.terrafirmacraft.textures.blocks.rocks
[17:28:26] [Client thread/TRACE] [FML/]: Recursing into package assets.terrafirmacraft.textures.blocks.sand
[17:28:26] [Client thread/TRACE] [FML/]: Recursing into package assets.terrafirmacraft.textures.blocks.soil
[17:28:26] [Client thread/TRACE] [FML/]: Recursing into package assets.terrafirmacraft.textures.blocks.wood
[17:28:26] [Client thread/TRACE] [FML/]: Recursing into package assets.terrafirmacraft.textures.blocks.wood.doors
[17:28:26] [Client thread/TRACE] [FML/]: Recursing into package assets.terrafirmacraft.textures.blocks.wood.fruit trees
[17:28:26] [Client thread/TRACE] [FML/]: Recursing into package assets.terrafirmacraft.textures.blocks.wood.trees
[17:28:26] [Client thread/TRACE] [FML/]: Recursing into package assets.terrafirmacraft.textures.blocks.wood.WoodSheet
[17:28:26] [Client thread/TRACE] [FML/]: Recursing into package assets.terrafirmacraft.textures.gui
[17:28:26] [Client thread/TRACE] [FML/]: Recursing into package assets.terrafirmacraft.textures.items
[17:28:26] [Client thread/TRACE] [FML/]: Recursing into package assets.terrafirmacraft.textures.items.armor
[17:28:26] [Client thread/TRACE] [FML/]: Recursing into package assets.terrafirmacraft.textures.items.devices
[17:28:26] [Client thread/TRACE] [FML/]: Recursing into package assets.terrafirmacraft.textures.items.devices.toolrack UNUSED
[17:28:26] [Client thread/TRACE] [FML/]: Recursing into package assets.terrafirmacraft.textures.items.food
[17:28:26] [Client thread/TRACE] [FML/]: Recursing into package assets.terrafirmacraft.textures.items.food.unused
[17:28:26] [Client thread/TRACE] [FML/]: Recursing into package assets.terrafirmacraft.textures.items.gems
[17:28:26] [Client thread/TRACE] [FML/]: Recursing into package assets.terrafirmacraft.textures.items.ingots
[17:28:26] [Client thread/TRACE] [FML/]: Recursing into package assets.terrafirmacraft.textures.items.ore
[17:28:26] [Client thread/TRACE] [FML/]: Recursing into package assets.terrafirmacraft.textures.items.plants
[17:28:26] [Client thread/TRACE] [FML/]: Recursing into package assets.terrafirmacraft.textures.items.pottery
[17:28:26] [Client thread/TRACE] [FML/]: Recursing into package assets.terrafirmacraft.textures.items.rocks
[17:28:26] [Client thread/TRACE] [FML/]: Recursing into package assets.terrafirmacraft.textures.items.rocks.flatrocks
[17:28:26] [Client thread/TRACE] [FML/]: Recursing into package assets.terrafirmacraft.textures.items.toolheads
[17:28:26] [Client thread/TRACE] [FML/]: Recursing into package assets.terrafirmacraft.textures.items.toolheads.unused
[17:28:26] [Client thread/TRACE] [FML/]: Recursing into package assets.terrafirmacraft.textures.items.tools
[17:28:26] [Client thread/TRACE] [FML/]: Recursing into package assets.terrafirmacraft.textures.items.tools.unused
[17:28:26] [Client thread/TRACE] [FML/]: Recursing into package assets.terrafirmacraft.textures.items.wood
[17:28:26] [Client thread/TRACE] [FML/]: Recursing into package assets.terrafirmacraft.textures.items.wood.fruit trees
[17:28:26] [Client thread/TRACE] [FML/]: Recursing into package assets.terrafirmacraft.textures.items.wood.unused
[17:28:27] [Client thread/TRACE] [FML/]: Recursing into package assets.terrafirmacraft.textures.mob
[17:28:27] [Client thread/TRACE] [FML/]: Recursing into package assets.terrafirmacraft.textures.models
[17:28:27] [Client thread/TRACE] [FML/]: Recursing into package assets.terrafirmacraft.textures.models.armor
[17:28:27] [Client thread/TRACE] [FML/]: Recursing into package assets.terrafirmacraft.textures.models.chest
[17:28:27] [Client thread/TRACE] [FML/]: Recursing into package com
[17:28:27] [Client thread/TRACE] [FML/]: Recursing into package com.bioxx
[17:28:27] [Client thread/TRACE] [FML/]: Recursing into package com.bioxx.tfc
[17:28:27] [Client thread/TRACE] [FML/]: Recursing into package com.bioxx.tfc.api
[17:28:27] [Client thread/TRACE] [FML/]: Recursing into package com.bioxx.tfc.api.Constant
[17:28:27] [Client thread/TRACE] [FML/]: Recursing into package com.bioxx.tfc.api.Crafting
[17:28:27] [Client thread/TRACE] [FML/]: Recursing into package com.bioxx.tfc.api.Entities
[17:28:27] [Client thread/TRACE] [FML/]: Recursing into package com.bioxx.tfc.api.Enums
[17:28:27] [Client thread/TRACE] [FML/]: Recursing into package com.bioxx.tfc.api.Events
[17:28:27] [Client thread/TRACE] [FML/]: Recursing into package com.bioxx.tfc.api.Interfaces
[17:28:27] [Client thread/TRACE] [FML/]: Recursing into package com.bioxx.tfc.api.TileEntities
[17:28:27] [Client thread/TRACE] [FML/]: Recursing into package com.bioxx.tfc.api.Tools
[17:28:27] [Client thread/TRACE] [FML/]: Recursing into package com.bioxx.tfc.api.Util
[17:28:27] [Client thread/TRACE] [FML/]: Recursing into package com.bioxx.tfc.ASM
[17:28:27] [Client thread/TRACE] [FML/]: Recursing into package com.bioxx.tfc.ASM.Transform
[17:28:27] [Client thread/TRACE] [FML/]: Recursing into package com.bioxx.tfc.Blocks
[17:28:27] [Client thread/TRACE] [FML/]: Recursing into package com.bioxx.tfc.Blocks.Devices
[17:28:27] [Client thread/TRACE] [FML/]: Recursing into package com.bioxx.tfc.Blocks.Flora
[17:28:27] [Client thread/TRACE] [FML/]: Recursing into package com.bioxx.tfc.Blocks.Liquids
[17:28:27] [Client thread/TRACE] [FML/]: Recursing into package com.bioxx.tfc.Blocks.Terrain
[17:28:27] [Client thread/TRACE] [FML/]: Recursing into package com.bioxx.tfc.Blocks.Vanilla
[17:28:27] [Client thread/TRACE] [FML/]: Recursing into package com.bioxx.tfc.Chunkdata
[17:28:27] [Client thread/TRACE] [FML/]: Recursing into package com.bioxx.tfc.Commands
[17:28:27] [Client thread/TRACE] [FML/]: Recursing into package com.bioxx.tfc.Containers
[17:28:27] [Client thread/TRACE] [FML/]: Recursing into package com.bioxx.tfc.Containers.Slots
[17:28:27] [Client thread/TRACE] [FML/]: Recursing into package com.bioxx.tfc.Core
[17:28:27] [Client thread/TRACE] [FML/]: Recursing into package com.bioxx.tfc.Core.Config
[17:28:27] [Client thread/TRACE] [FML/]: Recursing into package com.bioxx.tfc.Core.Metal
[17:28:27] [Client thread/TRACE] [FML/]: Recursing into package com.bioxx.tfc.Core.Player
[17:28:27] [Client thread/TRACE] [FML/]: Recursing into package com.bioxx.tfc.Core.Util
[17:28:27] [Client thread/TRACE] [FML/]: Recursing into package com.bioxx.tfc.Effects
[17:28:27] [Client thread/TRACE] [FML/]: Recursing into package com.bioxx.tfc.Entities
[17:28:27] [Client thread/TRACE] [FML/]: Recursing into package com.bioxx.tfc.Entities.AI
[17:28:27] [Client thread/TRACE] [FML/]: Recursing into package com.bioxx.tfc.Entities.Mobs
[17:28:27] [Client thread/TRACE] [FML/]: Recursing into package com.bioxx.tfc.Food
[17:28:27] [Client thread/TRACE] [FML/]: Recursing into package com.bioxx.tfc.GUI
[17:28:27] [Client thread/TRACE] [FML/]: Recursing into package com.bioxx.tfc.Handlers
[17:28:27] [Client thread/TRACE] [FML/]: Recursing into package com.bioxx.tfc.Handlers.Client
[17:28:27] [Client thread/TRACE] [FML/]: Recursing into package com.bioxx.tfc.Handlers.Network
[17:28:27] [Client thread/TRACE] [FML/]: Recursing into package com.bioxx.tfc.Items
[17:28:27] [Client thread/TRACE] [FML/]: Recursing into package com.bioxx.tfc.Items.ItemBlocks
[17:28:27] [Client thread/TRACE] [FML/]: Recursing into package com.bioxx.tfc.Items.Pottery
[17:28:27] [Client thread/TRACE] [FML/]: Recursing into package com.bioxx.tfc.Items.Tools
[17:28:27] [Client thread/TRACE] [FML/]: Recursing into package com.bioxx.tfc.Render
[17:28:27] [Client thread/TRACE] [FML/]: Recursing into package com.bioxx.tfc.Render.Blocks
[17:28:27] [Client thread/TRACE] [FML/]: Recursing into package com.bioxx.tfc.Render.Item
[17:28:27] [Client thread/TRACE] [FML/]: Recursing into package com.bioxx.tfc.Render.Models
[17:28:27] [Client thread/TRACE] [FML/]: Recursing into package com.bioxx.tfc.Render.TESR
[17:28:27] [Client thread/DEBUG] [FML/]: Identified a mod of type Lcpw/mods/fml/common/Mod; (com.bioxx.tfc.TerraFirmaCraft) - loading
[17:28:27] [Client thread/TRACE] [terrafirmacraft/]: Using mcmod dependency info : [] [Forge@[10.13.4.1448,)] []
[17:28:27] [Client thread/TRACE] [FML/]: Recursing into package com.bioxx.tfc.TileEntities
[17:28:27] [Client thread/TRACE] [FML/]: Recursing into package com.bioxx.tfc.Tools
[17:28:27] [Client thread/TRACE] [FML/]: Recursing into package com.bioxx.tfc.WAILA
[17:28:27] [Client thread/TRACE] [FML/]: Recursing into package com.bioxx.tfc.WorldGen
[17:28:27] [Client thread/TRACE] [FML/]: Recursing into package com.bioxx.tfc.WorldGen.Data
[17:28:27] [Client thread/TRACE] [FML/]: Recursing into package com.bioxx.tfc.WorldGen.Generators
[17:28:27] [Client thread/TRACE] [FML/]: Recursing into package com.bioxx.tfc.WorldGen.Generators.Trees
[17:28:27] [Client thread/TRACE] [FML/]: Recursing into package com.bioxx.tfc.WorldGen.GenLayers
[17:28:27] [Client thread/TRACE] [FML/]: Recursing into package com.bioxx.tfc.WorldGen.GenLayers.Biome
[17:28:27] [Client thread/TRACE] [FML/]: Recursing into package com.bioxx.tfc.WorldGen.GenLayers.DataLayers
[17:28:27] [Client thread/TRACE] [FML/]: Recursing into package com.bioxx.tfc.WorldGen.GenLayers.DataLayers.Drainage
[17:28:27] [Client thread/TRACE] [FML/]: Recursing into package com.bioxx.tfc.WorldGen.GenLayers.DataLayers.EVT
[17:28:27] [Client thread/TRACE] [FML/]: Recursing into package com.bioxx.tfc.WorldGen.GenLayers.DataLayers.PH
[17:28:27] [Client thread/TRACE] [FML/]: Recursing into package com.bioxx.tfc.WorldGen.GenLayers.DataLayers.Rain
[17:28:27] [Client thread/TRACE] [FML/]: Recursing into package com.bioxx.tfc.WorldGen.GenLayers.DataLayers.Rock
[17:28:27] [Client thread/TRACE] [FML/]: Recursing into package com.bioxx.tfc.WorldGen.GenLayers.DataLayers.Stability
[17:28:27] [Client thread/TRACE] [FML/]: Recursing into package com.bioxx.tfc.WorldGen.GenLayers.DataLayers.Tree
[17:28:27] [Client thread/TRACE] [FML/]: Recursing into package com.bioxx.tfc.WorldGen.GenLayers.River
[17:28:27] [Client thread/TRACE] [FML/]: Recursing into package com.bioxx.tfc.WorldGen.MapGen
[17:28:27] [Client thread/TRACE] [FML/]: Recursing into package META-INF
[17:28:27] [Client thread/DEBUG] [FML/]: Examining file CodeChickenCore-1.7.10-1.0.4.35-dev.jar for potential mods
[17:28:27] [Client thread/DEBUG] [FML/]: The mod container CodeChickenCore-1.7.10-1.0.4.35-dev.jar appears to be missing an mcmod.info file
[17:28:27] [Client thread/DEBUG] [FML/]: Examining file CodeChickenLib-1.7.10-1.1.3.127-dev.jar for potential mods
[17:28:27] [Client thread/DEBUG] [FML/]: The mod container CodeChickenLib-1.7.10-1.1.3.127-dev.jar appears to be missing an mcmod.info file
[17:28:27] [Client thread/DEBUG] [FML/]: Examining file NotEnoughItems-1.7.10-1.0.4.95-dev.jar for potential mods
[17:28:27] [Client thread/DEBUG] [FML/]: The mod container NotEnoughItems-1.7.10-1.0.4.95-dev.jar appears to be missing an mcmod.info file
[17:28:27] [Client thread/DEBUG] [FML/]: Examining file forgeSrc-1.7.10-10.13.4.1558-1.7.10.jar for potential mods
[17:28:27] [Client thread/DEBUG] [FML/]: The mod container forgeSrc-1.7.10-10.13.4.1558-1.7.10.jar appears to be missing an mcmod.info file
[17:28:28] [Client thread/DEBUG] [FML/]: Examining file launchwrapper-1.12.jar for potential mods
[17:28:28] [Client thread/DEBUG] [FML/]: The mod container launchwrapper-1.12.jar appears to be missing an mcmod.info file
[17:28:28] [Client thread/DEBUG] [FML/]: Examining file jsr305-1.3.9.jar for potential mods
[17:28:28] [Client thread/DEBUG] [FML/]: The mod container jsr305-1.3.9.jar appears to be missing an mcmod.info file
[17:28:28] [Client thread/DEBUG] [FML/]: Examining file asm-debug-all-5.0.3.jar for potential mods
[17:28:28] [Client thread/DEBUG] [FML/]: The mod container asm-debug-all-5.0.3.jar appears to be missing an mcmod.info file
[17:28:28] [Client thread/DEBUG] [FML/]: Examining file akka-actor_2.11-2.3.3.jar for potential mods
[17:28:28] [Client thread/DEBUG] [FML/]: The mod container akka-actor_2.11-2.3.3.jar appears to be missing an mcmod.info file
[17:28:28] [Client thread/DEBUG] [FML/]: Examining file config-1.2.1.jar for potential mods
[17:28:28] [Client thread/DEBUG] [FML/]: The mod container config-1.2.1.jar appears to be missing an mcmod.info file
[17:28:28] [Client thread/DEBUG] [FML/]: Examining file scala-actors-migration_2.11-1.1.0.jar for potential mods
[17:28:28] [Client thread/DEBUG] [FML/]: The mod container scala-actors-migration_2.11-1.1.0.jar appears to be missing an mcmod.info file
[17:28:28] [Client thread/DEBUG] [FML/]: Examining file scala-compiler-2.11.1.jar for potential mods
[17:28:28] [Client thread/DEBUG] [FML/]: The mod container scala-compiler-2.11.1.jar appears to be missing an mcmod.info file
