[18:42:11] [main/INFO]: Logging in with username & password
[18:42:22] [main/INFO]: Setting user: Necoxus
[18:42:25] [Client thread/INFO]: LWJGL Version: 2.9.1
[18:42:48] [Client thread/INFO]: Reloading ResourceManager: Default, FMLFileResourcePack:Forge Mod Loader, FMLFileResourcePack:Minecraft Forge, FMLFileResourcePack:Not Enough Items, FMLFileResourcePack:TerraFirmaCraft, FMLFileResourcePack:Waila, FMLFileResourcePack:TerraMisc, FMLFileResourcePack:Decorations, FMLFileResourcePack:Leather Water Sac, FMLFileResourcePack:TFC Scales, FMLFileResourcePack:TFC Udary Mod, FMLFileResourcePack:Baubles, FMLFileResourcePack:Blood Magic: Alchemical Wizardry, FMLFileResourcePack:Botania, FMLFileResourcePack:Farseek, FMLFileResourcePack:JourneyMap, FMLFileResourcePack:Streams, FMLFileResourcePack:TerraFirmaCraftNEIplugin, FMLFileResourcePack:Witchery
[18:42:48] [Client thread/WARN]: ResourcePack: ignored non-lowercase namespace: alchemicalwizardryBooks in G:\Modding\TFC Addons\TerraMisc\runClient\mods\1.7.10\BloodMagic-1.7.10-1.3.3-17.jar
[18:42:48] [Client thread/WARN]: ResourcePack: ignored non-lowercase namespace: alchemicalwizardryBooks in G:\Modding\TFC Addons\TerraMisc\runClient\mods\1.7.10\BloodMagic-1.7.10-1.3.3-17.jar
[18:42:48] [Client thread/WARN]: ResourcePack: ignored non-lowercase namespace: alchemicalwizardryBooks in G:\Modding\TFC Addons\TerraMisc\runClient\mods\1.7.10\BloodMagic-1.7.10-1.3.3-17.jar
[18:42:48] [Client thread/WARN]: ResourcePack: ignored non-lowercase namespace: alchemicalwizardryBooks in G:\Modding\TFC Addons\TerraMisc\runClient\mods\1.7.10\BloodMagic-1.7.10-1.3.3-17.jar
[18:42:48] [Client thread/WARN]: ResourcePack: ignored non-lowercase namespace: alchemicalwizardryBooks in G:\Modding\TFC Addons\TerraMisc\runClient\mods\1.7.10\BloodMagic-1.7.10-1.3.3-17.jar
[18:42:48] [Client thread/WARN]: ResourcePack: ignored non-lowercase namespace: alchemicalwizardryBooks in G:\Modding\TFC Addons\TerraMisc\runClient\mods\1.7.10\BloodMagic-1.7.10-1.3.3-17.jar
[18:43:06] [Sound Library Loader/INFO]: Sound engine started
[18:43:10] [Client thread/INFO]: Created: 16x16 textures/blocks-atlas
[18:43:10] [Client thread/INFO]: Created: 16x16 textures/items-atlas
[18:43:18] [Client thread/INFO]: Reloading ResourceManager: Default, FMLFileResourcePack:Forge Mod Loader, FMLFileResourcePack:Minecraft Forge, FMLFileResourcePack:Not Enough Items, FMLFileResourcePack:TerraFirmaCraft, FMLFileResourcePack:Waila, FMLFileResourcePack:TerraMisc, FMLFileResourcePack:Decorations, FMLFileResourcePack:Leather Water Sac, FMLFileResourcePack:TFC Scales, FMLFileResourcePack:TFC Udary Mod, FMLFileResourcePack:Baubles, FMLFileResourcePack:Blood Magic: Alchemical Wizardry, FMLFileResourcePack:Botania, FMLFileResourcePack:Farseek, FMLFileResourcePack:JourneyMap, FMLFileResourcePack:Streams, FMLFileResourcePack:TerraFirmaCraftNEIplugin, FMLFileResourcePack:Witchery
[18:43:18] [Client thread/WARN]: ResourcePack: ignored non-lowercase namespace: alchemicalwizardryBooks in G:\Modding\TFC Addons\TerraMisc\runClient\mods\1.7.10\BloodMagic-1.7.10-1.3.3-17.jar
[18:43:18] [Client thread/WARN]: ResourcePack: ignored non-lowercase namespace: alchemicalwizardryBooks in G:\Modding\TFC Addons\TerraMisc\runClient\mods\1.7.10\BloodMagic-1.7.10-1.3.3-17.jar
[18:43:18] [Client thread/WARN]: ResourcePack: ignored non-lowercase namespace: alchemicalwizardryBooks in G:\Modding\TFC Addons\TerraMisc\runClient\mods\1.7.10\BloodMagic-1.7.10-1.3.3-17.jar
[18:43:18] [Client thread/WARN]: ResourcePack: ignored non-lowercase namespace: alchemicalwizardryBooks in G:\Modding\TFC Addons\TerraMisc\runClient\mods\1.7.10\BloodMagic-1.7.10-1.3.3-17.jar
[18:43:18] [Client thread/WARN]: ResourcePack: ignored non-lowercase namespace: alchemicalwizardryBooks in G:\Modding\TFC Addons\TerraMisc\runClient\mods\1.7.10\BloodMagic-1.7.10-1.3.3-17.jar
[18:43:18] [Client thread/WARN]: ResourcePack: ignored non-lowercase namespace: alchemicalwizardryBooks in G:\Modding\TFC Addons\TerraMisc\runClient\mods\1.7.10\BloodMagic-1.7.10-1.3.3-17.jar
[18:43:21] [Client thread/INFO]: Created: 1024x1024 textures/items-atlas
[18:43:24] [Client thread/INFO]: Created: 1024x1024 textures/blocks-atlas
[18:43:25] [Sound Library Loader/INFO]: Sound engine started
[18:43:39] [Server thread/INFO]: Starting integrated minecraft server version 1.7.10
[18:43:39] [Server thread/INFO]: Generating keypair
[18:43:40] [Server thread/INFO]: Preparing start region for level 0
[18:43:41] [Server thread/INFO]: Changing view distance to 7, from 10
[18:43:42] [Server thread/INFO]: Necoxus[local:E:2fcfa46d] logged in with entity id 125 at (358.8583280806021, 147.0, -9757.099192410682)
[18:43:42] [Server thread/INFO]: Necoxus joined the game
[18:43:43] [Server thread/INFO]: Saving and pausing game...
[18:43:43] [Server thread/INFO]: Saving chunks for level 'log test'/DEFAULT
[18:43:44] [Server thread/INFO]: Saving chunks for level 'log test'/Nether
[18:43:44] [Server thread/INFO]: Saving chunks for level 'log test'/DEFAULT
[18:43:44] [Server thread/INFO]: Saving chunks for level 'log test'/Spirit World
[18:43:44] [Server thread/INFO]: Saving chunks for level 'log test'/Torment
[18:43:44] [Server thread/INFO]: Saving chunks for level 'log test'/Mirror
[18:43:44] [Server thread/WARN]: Can't keep up! Did the system time change, or is the server overloaded? Running 2382ms behind, skipping 47 tick(s)
[18:43:48] [Client thread/INFO]: [CHAT] Version 1.0.7.47 of CodeChickenCore is available
[18:43:48] [Client thread/INFO]: [CHAT] Version 1.0.5.120 of NotEnoughItems is available
[18:43:52] [Client thread/INFO]: [CHAT] §eJourneyMap:§f Press [§bM§f]
[18:44:26] [Server thread/INFO]: Saving and pausing game...
[18:44:26] [Server thread/INFO]: Saving chunks for level 'log test'/DEFAULT
[18:44:26] [Server thread/INFO]: Saving chunks for level 'log test'/Nether
[18:44:26] [Server thread/INFO]: Saving chunks for level 'log test'/DEFAULT
[18:44:26] [Server thread/INFO]: Saving chunks for level 'log test'/Spirit World
[18:44:26] [Server thread/INFO]: Saving chunks for level 'log test'/Torment
[18:44:26] [Server thread/INFO]: Saving chunks for level 'log test'/Mirror
[18:44:27] [Server thread/INFO]: Stopping server
[18:44:27] [Server thread/INFO]: Saving players
[18:44:27] [Server thread/INFO]: Saving worlds
[18:44:27] [Server thread/INFO]: Saving chunks for level 'log test'/DEFAULT
[18:44:27] [Server thread/INFO]: Saving chunks for level 'log test'/Nether
[18:44:27] [Server thread/INFO]: Saving chunks for level 'log test'/DEFAULT
[18:44:27] [Server thread/INFO]: Saving chunks for level 'log test'/Spirit World
[18:44:27] [Server thread/INFO]: Saving chunks for level 'log test'/Torment
[18:44:27] [Server thread/INFO]: Saving chunks for level 'log test'/Mirror
[18:44:29] [Client thread/INFO]: Stopping!
